[runlim] version:		2.0.0rc12
[runlim] host:			i57pool4
[runlim] time limit:		311040000 seconds
[runlim] real time limit:	311040000 seconds
[runlim] space limit:		15823 MB
[runlim] argv[0]:		julia
[runlim] argv[1]:		run_all_experiments.jl
[runlim] start:			Tue Feb  3 01:25:04 2026
[runlim] child:			3938948
  Activating project at `~/VeryDiff`
[runlim] sample:		1.72 time, 10.02 real, 365 MB, 0.61 load
[runlim] sample:		3.11 time, 20.02 real, 383 MB, 0.67 load
Precompiling packages...
[runlim] sample:		9.14 time, 30.01 real, 958 MB, 0.72 load
  10753.7 ms  ✓ VeryDiff
  1 dependency successfully precompiled in 25 seconds. 141 already precompiled.
Set parameter Username
Academic license - for non-commercial use only - expires 2026-12-23
[runlim] sample:		17.35 time, 40.01 real, 763 MB, 0.76 load

Running MNIST all...
[runlim] sample:		27.35 time, 50.01 real, 1231 MB, 0.80 load
[runlim] sample:		37.28 time, 60.01 real, 1252 MB, 0.83 load
Configuration: FP-ZonoContract-DU-Base

Warmup...

NN₁: mnist_relu_2_512.onnx
NN₂: mnist_relu_2_512_0.79.onnx
Prop: mnist_0_global_3.vnnlib
[runlim] sample:		47.05 time, 70.01 real, 1307 MB, 0.86 load
[runlim] sample:		57.05 time, 80.01 real, 1196 MB, 0.88 load
[runlim] sample:		67.05 time, 90.01 real, 1661 MB, 0.90 load
[runlim] sample:		77.05 time, 100.01 real, 2184 MB, 0.92 load
[runlim] sample:		87.05 time, 110.01 real, 2703 MB, 0.93 load
[runlim] sample:		97.05 time, 120.01 real, 2981 MB, 0.94 load
[runlim] sample:		107.04 time, 130.01 real, 3253 MB, 0.95 load
[runlim] sample:		117.04 time, 140.01 real, 3777 MB, 0.96 load
[runlim] sample:		127.05 time, 150.01 real, 4182 MB, 1.29 load
[runlim] sample:		137.04 time, 160.01 real, 4742 MB, 1.24 load
[runlim] sample:		147.04 time, 170.01 real, 4791 MB, 1.36 load
[runlim] sample:		157.04 time, 180.01 real, 5203 MB, 1.31 load

Warmup End

NN₁: mnist_relu_3_100.onnx
NN₂: mnist_relu_3_100_0.49.onnx
Prop: mnist_2_global_3.vnnlib
[runlim] sample:		166.95 time, 190.01 real, 1396 MB, 1.50 load
[runlim] sample:		176.96 time, 200.01 real, 3696 MB, 1.42 load
[runlim] sample:		186.95 time, 210.01 real, 6263 MB, 1.60 load
[runlim] sample:		196.94 time, 220.01 real, 7233 MB, 1.51 load
[runlim] sample:		206.94 time, 230.01 real, 9765 MB, 1.43 load
[runlim] sample:		216.87 time, 240.01 real, 10516 MB, 1.36 load
[runlim] sample:		226.86 time, 250.01 real, 12703 MB, 1.30 load

NN₁: mnist_relu_3_100.onnx
NN₂: mnist_relu_3_100_0.49.onnx
Prop: mnist_9_local_15.vnnlib
[runlim] sample:		236.82 time, 260.01 real, 1680 MB, 1.26 load
[runlim] sample:		246.82 time, 270.01 real, 2172 MB, 1.38 load
[runlim] sample:		256.81 time, 280.01 real, 2662 MB, 1.32 load
[runlim] sample:		266.82 time, 290.01 real, 3516 MB, 1.27 load
[runlim] sample:		276.81 time, 300.01 real, 4112 MB, 1.23 load
[runlim] sample:		286.81 time, 310.01 real, 4475 MB, 1.19 load
[runlim] sample:		296.81 time, 320.01 real, 5168 MB, 1.24 load
[runlim] sample:		306.80 time, 330.01 real, 6016 MB, 1.36 load
[runlim] sample:		316.80 time, 340.01 real, 6318 MB, 1.30 load
[runlim] sample:		326.80 time, 350.01 real, 7025 MB, 1.26 load
[runlim] sample:		336.80 time, 360.01 real, 7258 MB, 1.22 load
[runlim] sample:		346.80 time, 370.01 real, 8161 MB, 1.18 load
[runlim] sample:		356.80 time, 380.01 real, 8258 MB, 1.15 load
[runlim] sample:		366.79 time, 390.01 real, 8701 MB, 1.13 load
[runlim] sample:		376.79 time, 400.01 real, 9522 MB, 1.11 load
[runlim] sample:		386.79 time, 410.01 real, 10005 MB, 1.09 load
[runlim] sample:		396.78 time, 420.01 real, 11102 MB, 1.08 load
[runlim] sample:		406.79 time, 430.01 real, 11120 MB, 1.07 load
[runlim] sample:		416.78 time, 440.01 real, 11509 MB, 1.06 load
[runlim] sample:		426.78 time, 450.01 real, 11979 MB, 1.05 load
[runlim] sample:		436.78 time, 460.01 real, 12607 MB, 1.04 load
[runlim] sample:		446.78 time, 470.01 real, 12872 MB, 1.03 load
[runlim] sample:		456.77 time, 480.01 real, 13325 MB, 1.03 load
[runlim] sample:		466.77 time, 490.01 real, 13862 MB, 1.02 load
[runlim] sample:		476.77 time, 500.01 real, 14312 MB, 1.09 load
[runlim] sample:		485.87 time, 510.01 real, 14573 MB, 1.16 load
[runlim] sample:		495.85 time, 520.01 real, 14659 MB, 1.13 load
[runlim] sample:		505.62 time, 530.01 real, 14769 MB, 1.11 load
[runlim] sample:		508.46 time, 540.01 real, 13611 MB, 1.10 load
Configuration: FP-ZonoContract-DU-Input-DiffZono

Warmup...

NN₁: mnist_relu_2_512.onnx
NN₂: mnist_relu_2_512_0.79.onnx
Prop: mnist_0_global_3.vnnlib
[runlim] sample:		517.35 time, 550.01 real, 11726 MB, 1.08 load
[runlim] sample:		527.28 time, 560.01 real, 11730 MB, 1.07 load
[runlim] sample:		537.15 time, 570.01 real, 11744 MB, 1.06 load
[runlim] sample:		546.97 time, 580.01 real, 11747 MB, 1.05 load
[runlim] sample:		556.85 time, 590.01 real, 11754 MB, 1.04 load
[runlim] sample:		566.76 time, 600.01 real, 11760 MB, 1.03 load
[runlim] sample:		576.69 time, 610.01 real, 11763 MB, 1.03 load
[runlim] sample:		586.65 time, 620.01 real, 11764 MB, 1.02 load
[runlim] sample:		596.60 time, 630.01 real, 11770 MB, 1.02 load
[runlim] sample:		606.59 time, 640.01 real, 11771 MB, 1.02 load
[runlim] sample:		616.58 time, 650.01 real, 11771 MB, 1.01 load
[runlim] sample:		626.58 time, 660.01 real, 11771 MB, 1.01 load

Warmup End

NN₁: mnist_relu_3_100.onnx
NN₂: mnist_relu_3_100_0.49.onnx
Prop: mnist_2_global_3.vnnlib
[runlim] sample:		636.31 time, 670.01 real, 11786 MB, 1.01 load
[runlim] sample:		646.29 time, 680.01 real, 11787 MB, 1.01 load
[runlim] sample:		656.17 time, 690.01 real, 11798 MB, 1.00 load
[runlim] sample:		666.16 time, 700.01 real, 11798 MB, 1.00 load
[runlim] sample:		676.15 time, 710.01 real, 11799 MB, 1.00 load
[runlim] sample:		686.02 time, 720.01 real, 11811 MB, 1.00 load
[runlim] sample:		695.51 time, 730.02 real, 11876 MB, 1.00 load
[runlim] sample:		704.18 time, 740.01 real, 12076 MB, 1.00 load
[runlim] sample:		713.29 time, 750.01 real, 12221 MB, 1.00 load
[runlim] sample:		722.81 time, 760.01 real, 12269 MB, 1.00 load
[runlim] sample:		732.20 time, 770.01 real, 12341 MB, 1.00 load
[runlim] sample:		741.81 time, 780.01 real, 13293 MB, 1.00 load
[runlim] sample:		751.74 time, 790.01 real, 14846 MB, 1.00 load

NN₁: mnist_relu_3_100.onnx
NN₂: mnist_relu_3_100_0.49.onnx
Prop: mnist_9_local_15.vnnlib
[runlim] sample:		758.69 time, 800.01 real, 12053 MB, 1.00 load
[runlim] sample:		768.56 time, 810.01 real, 12059 MB, 1.00 load
[runlim] sample:		778.53 time, 820.01 real, 12061 MB, 1.08 load
[runlim] sample:		788.41 time, 830.01 real, 12066 MB, 1.22 load
[runlim] sample:		798.37 time, 840.01 real, 12071 MB, 1.19 load
[runlim] sample:		808.33 time, 850.01 real, 12080 MB, 1.16 load
[runlim] sample:		818.22 time, 860.01 real, 12101 MB, 1.13 load
[runlim] sample:		828.22 time, 870.01 real, 12101 MB, 1.11 load
[runlim] sample:		838.21 time, 880.01 real, 12101 MB, 1.09 load
[runlim] sample:		848.21 time, 890.01 real, 12129 MB, 1.08 load
[runlim] sample:		858.21 time, 900.01 real, 12112 MB, 1.07 load
[runlim] sample:		868.21 time, 910.01 real, 12151 MB, 1.06 load
[runlim] sample:		878.21 time, 920.01 real, 12102 MB, 1.05 load
[runlim] sample:		888.21 time, 930.01 real, 12109 MB, 1.04 load
[runlim] sample:		898.20 time, 940.01 real, 12102 MB, 1.03 load
[runlim] sample:		908.20 time, 950.01 real, 12102 MB, 1.03 load
[runlim] sample:		918.20 time, 960.01 real, 12102 MB, 1.02 load
[runlim] sample:		928.19 time, 970.01 real, 12137 MB, 1.02 load
[runlim] sample:		938.20 time, 980.01 real, 12151 MB, 1.02 load
[runlim] sample:		948.19 time, 990.01 real, 12116 MB, 1.01 load
[runlim] sample:		958.20 time, 1000.01 real, 12163 MB, 1.01 load
[runlim] sample:		968.20 time, 1010.01 real, 12126 MB, 1.01 load
[runlim] sample:		978.19 time, 1020.01 real, 12160 MB, 1.01 load
[runlim] sample:		988.19 time, 1030.01 real, 12109 MB, 1.00 load
[runlim] sample:		998.19 time, 1040.01 real, 12148 MB, 1.00 load
[runlim] sample:		1008.19 time, 1050.01 real, 12160 MB, 1.00 load
[runlim] sample:		1018.19 time, 1060.01 real, 12138 MB, 1.00 load
[runlim] sample:		1028.19 time, 1070.01 real, 12102 MB, 1.00 load
[runlim] sample:		1038.18 time, 1080.01 real, 12122 MB, 1.00 load
[runlim] sample:		1048.18 time, 1090.01 real, 12170 MB, 1.00 load
[runlim] sample:		1058.18 time, 1100.01 real, 12102 MB, 1.00 load
[runlim] sample:		1068.17 time, 1110.01 real, 12171 MB, 1.00 load
[runlim] sample:		1078.17 time, 1120.01 real, 12162 MB, 1.00 load
[runlim] sample:		1088.18 time, 1130.01 real, 12121 MB, 1.00 load
[runlim] sample:		1098.17 time, 1140.01 real, 12149 MB, 1.00 load
[runlim] sample:		1108.17 time, 1150.01 real, 12109 MB, 1.00 load
[runlim] sample:		1118.17 time, 1160.01 real, 12153 MB, 1.00 load
[runlim] sample:		1128.16 time, 1170.01 real, 12158 MB, 1.00 load
[runlim] sample:		1138.16 time, 1180.01 real, 12161 MB, 1.00 load
[runlim] sample:		1148.16 time, 1190.01 real, 12155 MB, 1.00 load
[runlim] sample:		1158.16 time, 1200.01 real, 12137 MB, 1.00 load
[runlim] sample:		1168.16 time, 1210.01 real, 12103 MB, 1.00 load
[runlim] sample:		1178.15 time, 1220.01 real, 12104 MB, 1.00 load
[runlim] sample:		1188.15 time, 1230.01 real, 12147 MB, 1.00 load
[runlim] sample:		1198.15 time, 1240.01 real, 12103 MB, 1.00 load
[runlim] sample:		1208.15 time, 1250.01 real, 12121 MB, 1.00 load
[runlim] sample:		1218.15 time, 1260.01 real, 12159 MB, 1.00 load
[runlim] sample:		1228.15 time, 1270.01 real, 12105 MB, 1.00 load
[runlim] sample:		1238.15 time, 1280.01 real, 12104 MB, 1.00 load
[runlim] sample:		1248.15 time, 1290.01 real, 12103 MB, 1.00 load
[runlim] sample:		1258.14 time, 1300.01 real, 12103 MB, 1.00 load
[runlim] sample:		1268.14 time, 1310.01 real, 12180 MB, 1.00 load
[runlim] sample:		1278.14 time, 1320.01 real, 12154 MB, 1.08 load
[runlim] sample:		1288.14 time, 1330.01 real, 12126 MB, 1.22 load
[runlim] sample:		1298.13 time, 1340.01 real, 12105 MB, 1.19 load
[runlim] sample:		1308.13 time, 1350.01 real, 12155 MB, 1.16 load
[runlim] sample:		1318.14 time, 1360.01 real, 12105 MB, 1.13 load
[runlim] sample:		1328.14 time, 1370.01 real, 12160 MB, 1.11 load
[runlim] sample:		1338.13 time, 1380.01 real, 12103 MB, 1.09 load
[runlim] sample:		1348.13 time, 1390.01 real, 12128 MB, 1.08 load
[runlim] sample:		1358.13 time, 1400.01 real, 12162 MB, 1.07 load
[runlim] sample:		1368.13 time, 1410.01 real, 12161 MB, 1.06 load
[runlim] sample:		1378.13 time, 1420.01 real, 12103 MB, 1.05 load
[runlim] sample:		1388.13 time, 1430.01 real, 12103 MB, 1.04 load
[runlim] sample:		1398.13 time, 1440.01 real, 12110 MB, 1.03 load
[runlim] sample:		1408.12 time, 1450.01 real, 12128 MB, 1.03 load
[runlim] sample:		1418.12 time, 1460.01 real, 12116 MB, 1.02 load
[runlim] sample:		1428.12 time, 1470.01 real, 12103 MB, 1.02 load
[runlim] sample:		1438.12 time, 1480.01 real, 12103 MB, 1.02 load
[runlim] sample:		1448.12 time, 1490.01 real, 12177 MB, 1.01 load
[runlim] sample:		1458.12 time, 1500.01 real, 12134 MB, 1.01 load
[runlim] sample:		1468.11 time, 1510.01 real, 12103 MB, 1.01 load
[runlim] sample:		1478.11 time, 1520.01 real, 12103 MB, 1.01 load
[runlim] sample:		1488.11 time, 1530.01 real, 12155 MB, 1.00 load
[runlim] sample:		1498.11 time, 1540.01 real, 12104 MB, 1.00 load
[runlim] sample:		1508.11 time, 1550.01 real, 12169 MB, 1.00 load
[runlim] sample:		1518.10 time, 1560.01 real, 12106 MB, 1.08 load
[runlim] sample:		1528.10 time, 1570.01 real, 12148 MB, 1.06 load
[runlim] sample:		1538.10 time, 1580.01 real, 12137 MB, 1.05 load
[runlim] sample:		1548.10 time, 1590.01 real, 12107 MB, 1.04 load
[runlim] sample:		1558.10 time, 1600.01 real, 12156 MB, 1.11 load
[runlim] sample:		1568.10 time, 1610.01 real, 12183 MB, 1.09 load
[runlim] sample:		1578.11 time, 1620.01 real, 12104 MB, 1.08 load
[runlim] sample:		1588.10 time, 1630.01 real, 12105 MB, 1.07 load
[runlim] sample:		1598.10 time, 1640.01 real, 12124 MB, 1.06 load
[runlim] sample:		1608.10 time, 1650.01 real, 12141 MB, 1.05 load
[runlim] sample:		1618.10 time, 1660.01 real, 12151 MB, 1.04 load
[runlim] sample:		1628.09 time, 1670.01 real, 12128 MB, 1.03 load
[runlim] sample:		1638.09 time, 1680.01 real, 12122 MB, 1.03 load
[runlim] sample:		1648.09 time, 1690.01 real, 12118 MB, 1.02 load

Running ACAS all...
Configuration: FP-ZonoContract-DU-Base

Warmup...

NN₁: ACASXU_run2a_1_1_batch_2000.onnx
NN₂: ACASXU_run2a_1_1_batch_2000_pruned5.onnx
Prop: prop_1.vnnlib
[runlim] sample:		1656.18 time, 1700.01 real, 12153 MB, 1.02 load
[runlim] sample:		1666.18 time, 1710.01 real, 12153 MB, 1.02 load
[runlim] sample:		1676.17 time, 1720.01 real, 12158 MB, 1.01 load
[runlim] sample:		1686.17 time, 1730.01 real, 12165 MB, 1.01 load
[runlim] sample:		1696.16 time, 1740.01 real, 12171 MB, 1.01 load
[runlim] sample:		1706.17 time, 1750.01 real, 12174 MB, 1.01 load
[runlim] sample:		1716.17 time, 1760.01 real, 12211 MB, 1.00 load
[runlim] sample:		1726.16 time, 1770.01 real, 12205 MB, 1.00 load
[runlim] sample:		1736.16 time, 1780.01 real, 12196 MB, 1.00 load
[runlim] sample:		1746.15 time, 1790.01 real, 12192 MB, 1.00 load
[runlim] sample:		1756.15 time, 1800.01 real, 12207 MB, 1.00 load
[runlim] sample:		1766.15 time, 1810.01 real, 12241 MB, 1.00 load

Warmup End

NN₁: ACASXU_run2a_1_1_batch_2000.onnx
NN₂: ACASXU_run2a_1_1_batch_2000_pruned5.onnx
Prop: prop_7.vnnlib
[runlim] sample:		1775.70 time, 1820.01 real, 12153 MB, 1.08 load
[runlim] sample:		1785.70 time, 1830.01 real, 12153 MB, 1.22 load
[runlim] sample:		1795.70 time, 1840.01 real, 12153 MB, 1.19 load
[runlim] sample:		1805.69 time, 1850.01 real, 12153 MB, 1.16 load
[runlim] sample:		1815.69 time, 1860.01 real, 12153 MB, 1.13 load
[runlim] sample:		1825.69 time, 1870.01 real, 12153 MB, 1.11 load
[runlim] sample:		1835.69 time, 1880.01 real, 12153 MB, 1.09 load
[runlim] sample:		1845.69 time, 1890.01 real, 12153 MB, 1.08 load
[runlim] sample:		1855.69 time, 1900.01 real, 12153 MB, 1.07 load
[runlim] sample:		1865.68 time, 1910.01 real, 12153 MB, 1.06 load
[runlim] sample:		1875.68 time, 1920.01 real, 12153 MB, 1.05 load
[runlim] sample:		1885.68 time, 1930.01 real, 12153 MB, 1.12 load
[runlim] sample:		1895.68 time, 1940.01 real, 12153 MB, 1.10 load
[runlim] sample:		1905.67 time, 1950.01 real, 12153 MB, 1.08 load
[runlim] sample:		1915.67 time, 1960.01 real, 12153 MB, 1.07 load
[runlim] sample:		1925.67 time, 1970.01 real, 12153 MB, 1.14 load
[runlim] sample:		1935.66 time, 1980.01 real, 12153 MB, 1.12 load
[runlim] sample:		1945.66 time, 1990.01 real, 12153 MB, 1.10 load
[runlim] sample:		1955.67 time, 2000.01 real, 12153 MB, 1.08 load
[runlim] sample:		1965.66 time, 2010.01 real, 12153 MB, 1.07 load
[runlim] sample:		1975.65 time, 2020.01 real, 12153 MB, 1.06 load
[runlim] sample:		1985.66 time, 2030.01 real, 12153 MB, 1.05 load
[runlim] sample:		1995.65 time, 2040.01 real, 12153 MB, 1.04 load
[runlim] sample:		2005.65 time, 2050.01 real, 12153 MB, 1.04 load
[runlim] sample:		2015.64 time, 2060.01 real, 12153 MB, 1.03 load
[runlim] sample:		2025.64 time, 2070.01 real, 12153 MB, 1.02 load
[runlim] sample:		2035.64 time, 2080.01 real, 12153 MB, 1.02 load
[runlim] sample:		2045.65 time, 2090.01 real, 12153 MB, 1.02 load
[runlim] sample:		2055.64 time, 2100.01 real, 12153 MB, 1.01 load
[runlim] sample:		2065.64 time, 2110.01 real, 12153 MB, 1.01 load
[runlim] sample:		2075.64 time, 2120.01 real, 12153 MB, 1.01 load
[runlim] sample:		2085.63 time, 2130.01 real, 12153 MB, 1.01 load
[runlim] sample:		2095.63 time, 2140.01 real, 12153 MB, 1.01 load
[runlim] sample:		2105.63 time, 2150.01 real, 12153 MB, 1.00 load
[runlim] sample:		2115.63 time, 2160.01 real, 12153 MB, 1.00 load
[runlim] sample:		2125.63 time, 2170.01 real, 12153 MB, 1.00 load
[runlim] sample:		2135.63 time, 2180.01 real, 12153 MB, 1.00 load
[runlim] sample:		2145.62 time, 2190.01 real, 12153 MB, 1.07 load
[runlim] sample:		2155.61 time, 2200.01 real, 12153 MB, 1.06 load
[runlim] sample:		2165.62 time, 2210.01 real, 12153 MB, 1.05 load
[runlim] sample:		2175.61 time, 2220.01 real, 12153 MB, 1.04 load
[runlim] sample:		2185.61 time, 2230.01 real, 12153 MB, 1.04 load
[runlim] sample:		2195.61 time, 2240.01 real, 12161 MB, 1.03 load
[runlim] sample:		2205.61 time, 2250.01 real, 12170 MB, 1.03 load
[runlim] sample:		2215.60 time, 2260.01 real, 12180 MB, 1.02 load
[runlim] sample:		2225.61 time, 2270.01 real, 12192 MB, 1.02 load
[runlim] sample:		2235.60 time, 2280.01 real, 12192 MB, 1.01 load
[runlim] sample:		2245.60 time, 2290.01 real, 12192 MB, 1.01 load
[runlim] sample:		2255.60 time, 2300.01 real, 12192 MB, 1.01 load
[runlim] sample:		2265.59 time, 2310.01 real, 12196 MB, 1.01 load
[runlim] sample:		2275.59 time, 2320.01 real, 12199 MB, 1.09 load
[runlim] sample:		2285.59 time, 2330.01 real, 12202 MB, 1.37 load
[runlim] sample:		2295.59 time, 2340.01 real, 12204 MB, 1.32 load
Configuration: FP-ZonoContract-DU-Input-DiffZono

Warmup...

NN₁: ACASXU_run2a_1_1_batch_2000.onnx
NN₂: ACASXU_run2a_1_1_batch_2000_pruned5.onnx
Prop: prop_1.vnnlib
[runlim] sample:		2305.53 time, 2350.01 real, 12153 MB, 1.27 load

Warmup End

NN₁: ACASXU_run2a_1_1_batch_2000.onnx
NN₂: ACASXU_run2a_1_1_batch_2000_pruned5.onnx
Prop: prop_7.vnnlib
[runlim] end:			Tue Feb  3 02:04:18 2026
[runlim] status:		ok
[runlim] result:		0
[runlim] children:		4
[runlim] processes:		6
[runlim] real:			2353.73 seconds
[runlim] time:			2308.74 seconds
[runlim] space:			14974 MB
[runlim] load:			1.60 maximum
[runlim] samples:		23538
