[runlim] version:		2.0.0rc12
[runlim] host:			i57pool4
[runlim] time limit:		311040000 seconds
[runlim] real time limit:	311040000 seconds
[runlim] space limit:		15567 MB
[runlim] argv[0]:		julia
[runlim] argv[1]:		run_all_experiments_pool5.jl
[runlim] start:			Sat Mar  7 15:36:56 2026
[runlim] child:			2161556
  Activating project at `~/VeryDiff`
[runlim] sample:		1.94 time, 10.02 real, 374 MB, 0.41 load
[runlim] sample:		3.23 time, 20.02 real, 386 MB, 0.50 load
Precompiling packages...
[runlim] sample:		4.85 time, 30.01 real, 690 MB, 0.58 load
   9096.8 ms  ✓ VeryDiff
  1 dependency successfully precompiled in 37 seconds. 313 already precompiled.
[runlim] sample:		13.95 time, 40.01 real, 462 MB, 0.64 load
Set parameter Username
Academic license - for non-commercial use only - expires 2027-01-26
[runlim] sample:		23.94 time, 50.01 real, 935 MB, 0.70 load

Running LHC all...
Configuration: LP-ZC-DU-Base

Warmup...

NN₁: 2_20-0.1.onnx
NN₂: 2_20-0.1-0.1.onnx
Prop: sigma_0.1.vnnlib
[runlim] sample:		33.93 time, 60.01 real, 1225 MB, 0.74 load
[runlim] sample:		43.93 time, 70.01 real, 1256 MB, 0.78 load
[runlim] sample:		53.92 time, 80.01 real, 1535 MB, 0.82 load
[runlim] sample:		63.92 time, 90.01 real, 1214 MB, 0.85 load
[runlim] sample:		73.92 time, 100.01 real, 1226 MB, 0.87 load
[runlim] sample:		83.91 time, 110.01 real, 1226 MB, 0.89 load
[runlim] sample:		93.91 time, 120.01 real, 1226 MB, 0.91 load
[runlim] sample:		103.91 time, 130.01 real, 1226 MB, 0.92 load
[runlim] sample:		113.91 time, 140.01 real, 1226 MB, 0.93 load
[runlim] sample:		123.91 time, 150.01 real, 1226 MB, 0.94 load
[runlim] sample:		133.91 time, 160.01 real, 1227 MB, 0.95 load
[runlim] sample:		143.90 time, 170.01 real, 1227 MB, 0.96 load
[runlim] sample:		153.90 time, 180.01 real, 1231 MB, 1.05 load
