[runlim] version:		2.0.0rc12
[runlim] host:			i57pool4
[runlim] time limit:		311040000 seconds
[runlim] real time limit:	311040000 seconds
[runlim] space limit:		15823 MB
[runlim] argv[0]:		julia
[runlim] argv[1]:		run_all_experiments.jl
[runlim] start:			Tue Feb  3 02:40:42 2026
[runlim] child:			4094207
  Activating project at `~/VeryDiff`
[runlim] sample:		1.47 time, 10.02 real, 355 MB, 0.19 load
[runlim] sample:		2.33 time, 20.03 real, 369 MB, 0.31 load
Set parameter Username
Academic license - for non-commercial use only - expires 2026-12-23
[runlim] sample:		8.57 time, 30.02 real, 829 MB, 0.42 load

Running MNIST all...
[runlim] sample:		18.54 time, 40.01 real, 1160 MB, 0.51 load
[runlim] sample:		28.53 time, 50.01 real, 1163 MB, 0.58 load
Configuration: FP-ZonoContract-DU-Base

Warmup...

NN₁: mnist_relu_2_512.onnx
NN₂: mnist_relu_2_512_0.79.onnx
Prop: mnist_0_global_3.vnnlib
[runlim] sample:		38.42 time, 60.01 real, 1234 MB, 0.65 load
[runlim] sample:		48.42 time, 70.01 real, 1223 MB, 0.70 load
[runlim] sample:		58.42 time, 80.01 real, 1670 MB, 0.75 load
[runlim] sample:		68.43 time, 90.01 real, 2235 MB, 0.79 load
[runlim] sample:		78.43 time, 100.01 real, 2541 MB, 0.82 load
[runlim] sample:		88.42 time, 110.01 real, 3066 MB, 0.85 load
[runlim] sample:		98.42 time, 120.02 real, 3403 MB, 0.87 load
[runlim] sample:		108.42 time, 130.01 real, 3884 MB, 0.89 load
[runlim] sample:		118.42 time, 140.01 real, 4250 MB, 0.91 load
[runlim] sample:		128.42 time, 150.01 real, 4350 MB, 0.92 load
[runlim] sample:		138.42 time, 160.01 real, 4871 MB, 0.94 load
[runlim] sample:		148.42 time, 170.01 real, 5323 MB, 1.27 load

Warmup End

NN₁: mnist_relu_3_100.onnx
NN₂: mnist_relu_3_100_0.49.onnx
Prop: mnist_2_global_3.vnnlib
[runlim] sample:		158.39 time, 180.01 real, 1621 MB, 1.22 load
[runlim] sample:		168.38 time, 190.01 real, 3887 MB, 1.19 load
[runlim] sample:		178.38 time, 200.01 real, 6317 MB, 1.16 load
[runlim] sample:		188.38 time, 210.01 real, 7124 MB, 1.13 load
[runlim] sample:		198.38 time, 220.01 real, 9783 MB, 1.11 load
[runlim] sample:		208.38 time, 230.01 real, 10258 MB, 1.10 load
[runlim] sample:		218.38 time, 240.01 real, 12368 MB, 1.08 load

NN₁: mnist_relu_3_100.onnx
NN₂: mnist_relu_3_100_0.49.onnx
Prop: mnist_9_local_15.vnnlib
[runlim] sample:		228.34 time, 250.01 real, 9142 MB, 1.07 load
[runlim] sample:		238.34 time, 260.01 real, 9306 MB, 1.06 load
[runlim] sample:		248.33 time, 270.01 real, 2698 MB, 1.05 load
[runlim] sample:		258.34 time, 280.01 real, 3910 MB, 1.04 load
[runlim] sample:		268.34 time, 290.01 real, 4194 MB, 1.03 load
[runlim] sample:		278.33 time, 300.01 real, 4804 MB, 1.03 load
[runlim] sample:		288.33 time, 310.01 real, 5565 MB, 1.02 load
[runlim] sample:		298.33 time, 320.01 real, 5773 MB, 1.31 load
[runlim] sample:		308.33 time, 330.01 real, 6491 MB, 1.27 load
[runlim] sample:		318.33 time, 340.01 real, 7551 MB, 1.22 load
[runlim] sample:		328.32 time, 350.01 real, 7552 MB, 1.19 load
[runlim] sample:		338.32 time, 360.01 real, 7937 MB, 1.16 load
[runlim] sample:		348.31 time, 370.01 real, 8823 MB, 1.13 load
[runlim] sample:		358.32 time, 380.01 real, 8881 MB, 1.11 load
[runlim] sample:		368.31 time, 390.01 real, 9640 MB, 1.10 load
[runlim] sample:		378.32 time, 400.01 real, 10320 MB, 1.23 load
[runlim] sample:		388.31 time, 410.01 real, 10797 MB, 1.27 load
[runlim] sample:		398.31 time, 420.01 real, 11279 MB, 1.23 load
[runlim] sample:		408.30 time, 430.01 real, 12017 MB, 1.19 load
[runlim] sample:		418.30 time, 440.01 real, 12093 MB, 1.16 load
[runlim] sample:		428.31 time, 450.01 real, 12628 MB, 1.14 load
[runlim] sample:		438.30 time, 460.01 real, 13079 MB, 1.12 load
[runlim] sample:		448.29 time, 470.01 real, 14030 MB, 1.10 load
[runlim] sample:		458.28 time, 480.01 real, 14065 MB, 1.08 load
[runlim] sample:		468.28 time, 490.01 real, 14493 MB, 1.07 load
[runlim] sample:		477.94 time, 500.01 real, 14681 MB, 1.06 load
[runlim] sample:		487.91 time, 510.01 real, 14867 MB, 1.05 load
[runlim] sample:		494.43 time, 520.02 real, 12392 MB, 1.12 load
Configuration: FP-ZonoContract-DU-Input-DiffZono

Warmup...

NN₁: mnist_relu_2_512.onnx
NN₂: mnist_relu_2_512_0.79.onnx
Prop: mnist_0_global_3.vnnlib
[runlim] sample:		501.05 time, 530.01 real, 10778 MB, 1.18 load
[runlim] sample:		510.50 time, 540.01 real, 10821 MB, 1.15 load
[runlim] sample:		520.49 time, 550.01 real, 10837 MB, 1.13 load
[runlim] sample:		530.41 time, 560.01 real, 10843 MB, 1.11 load
[runlim] sample:		540.34 time, 570.01 real, 10949 MB, 1.09 load
[runlim] sample:		550.27 time, 580.01 real, 11006 MB, 1.08 load
[runlim] sample:		560.23 time, 590.01 real, 11067 MB, 1.06 load
[runlim] sample:		570.22 time, 600.01 real, 11067 MB, 1.05 load
[runlim] sample:		579.85 time, 610.01 real, 11091 MB, 1.04 load
[runlim] sample:		589.84 time, 620.01 real, 11091 MB, 1.04 load
[runlim] sample:		599.83 time, 630.01 real, 11091 MB, 1.03 load
[runlim] sample:		609.84 time, 640.01 real, 11111 MB, 1.03 load

Warmup End

NN₁: mnist_relu_3_100.onnx
NN₂: mnist_relu_3_100_0.49.onnx
Prop: mnist_2_global_3.vnnlib
[runlim] sample:		619.73 time, 650.01 real, 11111 MB, 1.02 load
[runlim] sample:		629.73 time, 660.01 real, 11111 MB, 1.02 load
[runlim] sample:		639.73 time, 670.01 real, 11234 MB, 1.01 load
[runlim] sample:		649.72 time, 680.01 real, 11284 MB, 1.01 load
[runlim] sample:		659.72 time, 690.01 real, 11345 MB, 1.01 load
[runlim] sample:		669.72 time, 700.01 real, 11483 MB, 1.01 load
[runlim] sample:		679.73 time, 710.02 real, 11677 MB, 1.01 load
[runlim] sample:		689.72 time, 720.01 real, 11766 MB, 1.00 load
[runlim] sample:		699.72 time, 730.01 real, 12039 MB, 1.00 load
[runlim] sample:		706.32 time, 740.01 real, 12600 MB, 1.00 load
[runlim] sample:		715.33 time, 750.01 real, 13005 MB, 1.00 load
[runlim] sample:		725.33 time, 760.01 real, 13373 MB, 1.00 load
[runlim] sample:		735.33 time, 770.01 real, 14578 MB, 1.00 load

NN₁: mnist_relu_3_100.onnx
NN₂: mnist_relu_3_100_0.49.onnx
Prop: mnist_9_local_15.vnnlib
[runlim] sample:		743.92 time, 780.01 real, 13098 MB, 1.00 load
[runlim] sample:		753.84 time, 790.01 real, 13127 MB, 1.00 load
[runlim] sample:		763.84 time, 800.01 real, 13103 MB, 1.00 load
[runlim] sample:		773.71 time, 810.01 real, 13119 MB, 1.00 load
[runlim] sample:		783.70 time, 820.01 real, 13104 MB, 1.00 load
[runlim] sample:		793.68 time, 830.01 real, 13106 MB, 1.00 load
[runlim] sample:		803.68 time, 840.01 real, 13111 MB, 1.00 load
[runlim] sample:		813.68 time, 850.01 real, 13113 MB, 1.00 load
[runlim] sample:		823.68 time, 860.01 real, 13113 MB, 1.00 load
[runlim] sample:		833.68 time, 870.01 real, 13151 MB, 1.00 load
[runlim] sample:		843.67 time, 880.01 real, 13131 MB, 1.00 load
[runlim] sample:		853.67 time, 890.01 real, 13135 MB, 1.00 load
[runlim] sample:		863.67 time, 900.01 real, 13133 MB, 1.15 load
[runlim] sample:		873.67 time, 910.01 real, 13113 MB, 1.20 load
[runlim] sample:		883.66 time, 920.01 real, 13162 MB, 1.17 load
[runlim] sample:		893.66 time, 930.01 real, 13113 MB, 1.15 load
[runlim] sample:		903.66 time, 940.01 real, 13114 MB, 1.12 load
[runlim] sample:		913.66 time, 950.01 real, 13113 MB, 1.10 load
[runlim] sample:		923.65 time, 960.01 real, 13171 MB, 1.09 load
[runlim] sample:		933.66 time, 970.01 real, 13114 MB, 1.07 load
[runlim] sample:		943.66 time, 980.01 real, 13174 MB, 1.06 load
[runlim] sample:		953.65 time, 990.01 real, 13127 MB, 1.05 load
[runlim] sample:		963.65 time, 1000.01 real, 13173 MB, 1.04 load
[runlim] sample:		973.65 time, 1010.01 real, 13174 MB, 1.04 load
[runlim] sample:		983.65 time, 1020.01 real, 13152 MB, 1.03 load
[runlim] sample:		993.64 time, 1030.01 real, 13114 MB, 1.02 load
[runlim] sample:		1003.64 time, 1040.01 real, 13115 MB, 1.02 load
[runlim] sample:		1013.65 time, 1050.01 real, 13114 MB, 1.02 load
[runlim] sample:		1023.64 time, 1060.01 real, 13115 MB, 1.01 load
[runlim] sample:		1033.64 time, 1070.01 real, 13173 MB, 1.01 load
[runlim] sample:		1043.64 time, 1080.01 real, 13119 MB, 1.01 load
[runlim] sample:		1053.63 time, 1090.01 real, 13151 MB, 1.01 load
[runlim] sample:		1063.64 time, 1100.01 real, 13163 MB, 1.01 load
[runlim] sample:		1073.64 time, 1110.01 real, 13176 MB, 1.00 load
[runlim] sample:		1083.63 time, 1120.01 real, 13169 MB, 1.00 load
[runlim] sample:		1093.63 time, 1130.01 real, 13138 MB, 1.00 load
[runlim] sample:		1103.63 time, 1140.01 real, 13114 MB, 1.00 load
[runlim] sample:		1113.63 time, 1150.01 real, 13158 MB, 1.00 load
[runlim] sample:		1123.63 time, 1160.01 real, 13178 MB, 1.00 load
[runlim] sample:		1133.63 time, 1170.01 real, 13116 MB, 1.00 load
[runlim] sample:		1143.62 time, 1180.01 real, 13114 MB, 1.00 load
[runlim] sample:		1153.62 time, 1190.01 real, 13120 MB, 1.00 load
[runlim] sample:		1163.62 time, 1200.01 real, 13129 MB, 1.00 load
[runlim] sample:		1173.62 time, 1210.01 real, 13114 MB, 1.00 load
[runlim] sample:		1183.62 time, 1220.01 real, 13140 MB, 1.00 load
[runlim] sample:		1193.62 time, 1230.01 real, 13156 MB, 1.00 load
[runlim] sample:		1203.62 time, 1240.01 real, 13119 MB, 1.00 load
[runlim] sample:		1213.62 time, 1250.01 real, 13189 MB, 1.00 load
[runlim] sample:		1223.61 time, 1260.01 real, 13115 MB, 1.00 load
[runlim] sample:		1233.61 time, 1270.01 real, 13140 MB, 1.00 load
[runlim] sample:		1243.61 time, 1280.01 real, 13173 MB, 1.07 load
[runlim] sample:		1253.61 time, 1290.01 real, 13116 MB, 1.06 load
[runlim] sample:		1263.61 time, 1300.01 real, 13115 MB, 1.05 load
[runlim] sample:		1273.61 time, 1310.01 real, 13115 MB, 1.04 load
[runlim] sample:		1283.61 time, 1320.01 real, 13126 MB, 1.04 load
[runlim] sample:		1293.61 time, 1330.01 real, 13117 MB, 1.03 load
[runlim] sample:		1303.60 time, 1340.01 real, 13115 MB, 1.02 load
[runlim] sample:		1313.61 time, 1350.01 real, 13191 MB, 1.02 load
[runlim] sample:		1323.61 time, 1360.01 real, 13167 MB, 1.02 load
[runlim] sample:		1333.60 time, 1370.01 real, 13132 MB, 1.01 load
[runlim] sample:		1343.60 time, 1380.01 real, 13115 MB, 1.01 load
[runlim] sample:		1353.60 time, 1390.01 real, 13151 MB, 1.01 load
[runlim] sample:		1363.60 time, 1400.01 real, 13190 MB, 1.24 load
[runlim] sample:		1373.59 time, 1410.01 real, 13132 MB, 1.28 load
[runlim] sample:		1383.60 time, 1420.01 real, 13191 MB, 1.24 load
[runlim] sample:		1393.60 time, 1430.01 real, 13116 MB, 1.28 load
[runlim] sample:		1403.59 time, 1440.01 real, 13154 MB, 1.24 load
[runlim] sample:		1413.59 time, 1450.01 real, 13191 MB, 1.20 load
[runlim] sample:		1423.59 time, 1460.01 real, 13117 MB, 1.17 load
[runlim] sample:		1433.59 time, 1470.01 real, 13115 MB, 1.14 load
[runlim] sample:		1443.58 time, 1480.01 real, 13128 MB, 1.12 load
[runlim] sample:		1453.59 time, 1490.01 real, 13152 MB, 1.10 load
[runlim] sample:		1463.58 time, 1500.01 real, 13175 MB, 1.08 load
[runlim] sample:		1473.59 time, 1510.01 real, 13172 MB, 1.07 load
[runlim] sample:		1483.58 time, 1520.01 real, 13168 MB, 1.06 load
[runlim] sample:		1493.58 time, 1530.01 real, 13168 MB, 1.05 load
[runlim] sample:		1503.58 time, 1540.01 real, 13148 MB, 1.04 load
[runlim] sample:		1513.58 time, 1550.01 real, 13131 MB, 1.04 load
[runlim] sample:		1523.57 time, 1560.01 real, 13115 MB, 1.03 load
[runlim] sample:		1533.57 time, 1570.01 real, 13193 MB, 1.02 load
[runlim] sample:		1543.58 time, 1580.01 real, 13156 MB, 1.02 load
[runlim] sample:		1553.57 time, 1590.01 real, 13118 MB, 1.02 load
[runlim] sample:		1563.57 time, 1600.01 real, 13118 MB, 1.01 load
[runlim] sample:		1573.57 time, 1610.01 real, 13165 MB, 1.01 load
[runlim] sample:		1583.57 time, 1620.01 real, 13119 MB, 1.01 load
[runlim] sample:		1593.56 time, 1630.01 real, 13193 MB, 1.01 load
[runlim] sample:		1603.57 time, 1640.01 real, 13129 MB, 1.01 load
[runlim] sample:		1613.57 time, 1650.01 real, 13195 MB, 1.00 load
[runlim] sample:		1623.56 time, 1660.01 real, 13140 MB, 1.00 load
[runlim] sample:		1633.56 time, 1670.01 real, 13171 MB, 1.00 load
[runlim] sample:		1643.56 time, 1680.01 real, 13140 MB, 1.00 load
[runlim] sample:		1653.56 time, 1690.01 real, 13199 MB, 1.00 load
[runlim] sample:		1663.56 time, 1700.01 real, 13124 MB, 1.00 load
[runlim] sample:		1673.56 time, 1710.01 real, 13198 MB, 1.00 load
[runlim] sample:		1683.56 time, 1720.01 real, 13125 MB, 1.16 load
[runlim] sample:		1693.56 time, 1730.01 real, 13173 MB, 1.13 load
[runlim] sample:		1703.56 time, 1740.01 real, 13117 MB, 1.11 load
[runlim] sample:		1713.55 time, 1750.01 real, 13125 MB, 1.10 load
[runlim] sample:		1723.55 time, 1760.01 real, 13160 MB, 1.08 load
[runlim] sample:		1733.55 time, 1770.01 real, 13199 MB, 1.07 load
[runlim] sample:		1743.55 time, 1780.01 real, 13116 MB, 1.06 load
[runlim] sample:		1753.55 time, 1790.01 real, 13119 MB, 1.05 load
[runlim] sample:		1763.54 time, 1800.01 real, 13129 MB, 1.04 load
[runlim] sample:		1773.54 time, 1810.01 real, 13135 MB, 1.03 load
[runlim] sample:		1783.55 time, 1820.01 real, 13134 MB, 1.03 load
[runlim] sample:		1793.54 time, 1830.01 real, 13165 MB, 1.02 load
[runlim] sample:		1803.54 time, 1840.01 real, 13178 MB, 1.02 load
[runlim] sample:		1813.54 time, 1850.01 real, 13177 MB, 1.02 load
[runlim] sample:		1823.54 time, 1860.01 real, 13194 MB, 1.01 load
[runlim] sample:		1833.54 time, 1870.01 real, 13202 MB, 1.01 load
[runlim] sample:		1843.54 time, 1880.01 real, 13198 MB, 1.01 load
[runlim] sample:		1853.54 time, 1890.01 real, 13120 MB, 1.01 load
[runlim] sample:		1863.53 time, 1900.01 real, 13202 MB, 1.16 load
[runlim] sample:		1873.53 time, 1910.01 real, 13181 MB, 1.21 load
[runlim] sample:		1883.54 time, 1920.01 real, 13173 MB, 1.18 load
[runlim] sample:		1893.53 time, 1930.01 real, 13147 MB, 1.15 load
[runlim] sample:		1903.53 time, 1940.01 real, 13118 MB, 1.12 load
[runlim] sample:		1913.53 time, 1950.01 real, 13119 MB, 1.10 load
[runlim] sample:		1923.53 time, 1960.01 real, 13191 MB, 1.09 load
[runlim] sample:		1933.52 time, 1970.01 real, 13166 MB, 1.07 load
[runlim] sample:		1943.52 time, 1980.01 real, 13134 MB, 1.06 load
[runlim] sample:		1953.52 time, 1990.01 real, 13119 MB, 1.05 load
[runlim] sample:		1963.52 time, 2000.01 real, 13205 MB, 1.04 load
[runlim] sample:		1973.52 time, 2010.01 real, 13177 MB, 1.04 load
[runlim] sample:		1983.52 time, 2020.01 real, 13146 MB, 1.03 load
[runlim] sample:		1993.52 time, 2030.01 real, 13119 MB, 1.03 load
[runlim] sample:		2003.51 time, 2040.01 real, 13166 MB, 1.02 load
[runlim] sample:		2013.52 time, 2050.01 real, 13118 MB, 1.02 load
[runlim] sample:		2023.52 time, 2060.01 real, 13119 MB, 1.01 load
[runlim] sample:		2033.52 time, 2070.01 real, 13192 MB, 1.01 load
[runlim] sample:		2043.51 time, 2080.01 real, 13136 MB, 1.01 load
[runlim] sample:		2053.51 time, 2090.01 real, 13174 MB, 1.01 load
[runlim] sample:		2063.51 time, 2100.01 real, 13149 MB, 1.01 load
[runlim] sample:		2073.50 time, 2110.01 real, 13122 MB, 1.00 load
[runlim] sample:		2083.51 time, 2120.01 real, 13151 MB, 1.00 load
[runlim] sample:		2093.50 time, 2130.01 real, 13122 MB, 1.00 load
[runlim] sample:		2103.51 time, 2140.01 real, 13184 MB, 1.08 load
[runlim] sample:		2113.50 time, 2150.01 real, 13123 MB, 1.06 load
[runlim] sample:		2123.50 time, 2160.01 real, 13190 MB, 1.05 load
[runlim] sample:		2133.50 time, 2170.01 real, 13126 MB, 1.04 load
[runlim] sample:		2143.50 time, 2180.01 real, 13182 MB, 1.04 load
[runlim] sample:		2153.49 time, 2190.01 real, 13124 MB, 1.03 load
[runlim] sample:		2163.50 time, 2200.01 real, 13163 MB, 1.03 load
[runlim] sample:		2173.49 time, 2210.01 real, 13205 MB, 1.02 load
[runlim] sample:		2183.49 time, 2220.01 real, 13125 MB, 1.02 load
[runlim] sample:		2193.49 time, 2230.01 real, 13163 MB, 1.01 load
[runlim] sample:		2203.49 time, 2240.01 real, 13198 MB, 1.01 load
[runlim] sample:		2213.48 time, 2250.01 real, 13128 MB, 1.01 load
[runlim] sample:		2223.49 time, 2260.01 real, 13173 MB, 1.01 load
[runlim] sample:		2233.48 time, 2270.01 real, 13194 MB, 1.01 load
[runlim] sample:		2243.48 time, 2280.01 real, 13133 MB, 1.00 load
[runlim] sample:		2253.48 time, 2290.01 real, 13126 MB, 1.00 load
[runlim] sample:		2263.48 time, 2300.01 real, 13130 MB, 1.00 load
[runlim] sample:		2273.48 time, 2310.01 real, 13145 MB, 1.00 load
[runlim] sample:		2283.48 time, 2320.01 real, 13162 MB, 1.00 load
[runlim] sample:		2293.47 time, 2330.01 real, 13158 MB, 1.00 load
[runlim] sample:		2303.48 time, 2340.01 real, 13213 MB, 1.00 load
[runlim] sample:		2313.47 time, 2350.01 real, 13129 MB, 1.00 load
[runlim] sample:		2323.47 time, 2360.01 real, 13166 MB, 1.00 load
[runlim] sample:		2333.47 time, 2370.01 real, 13180 MB, 1.00 load
[runlim] sample:		2343.46 time, 2380.01 real, 13137 MB, 1.00 load
[runlim] sample:		2353.47 time, 2390.01 real, 13173 MB, 1.00 load
[runlim] sample:		2363.47 time, 2400.01 real, 13216 MB, 1.15 load
[runlim] sample:		2373.47 time, 2410.01 real, 13134 MB, 1.20 load
[runlim] sample:		2383.46 time, 2420.01 real, 13175 MB, 1.17 load
[runlim] sample:		2393.47 time, 2430.01 real, 13135 MB, 1.15 load
[runlim] sample:		2403.47 time, 2440.01 real, 13182 MB, 1.12 load
[runlim] sample:		2413.46 time, 2450.01 real, 13132 MB, 1.10 load
[runlim] sample:		2423.46 time, 2460.01 real, 13213 MB, 1.09 load
[runlim] sample:		2433.46 time, 2470.01 real, 13147 MB, 1.07 load
[runlim] sample:		2443.45 time, 2480.01 real, 13205 MB, 1.06 load
[runlim] sample:		2453.46 time, 2490.01 real, 13140 MB, 1.05 load
[runlim] sample:		2463.46 time, 2500.01 real, 13216 MB, 1.04 load
[runlim] sample:		2473.45 time, 2510.01 real, 13133 MB, 1.04 load
[runlim] sample:		2483.45 time, 2520.01 real, 13182 MB, 1.03 load
[runlim] sample:		2493.45 time, 2530.01 real, 13137 MB, 1.02 load
[runlim] sample:		2503.45 time, 2540.01 real, 13136 MB, 1.02 load
[runlim] sample:		2513.45 time, 2550.01 real, 13203 MB, 1.02 load
[runlim] sample:		2523.45 time, 2560.01 real, 13150 MB, 1.01 load
[runlim] sample:		2533.45 time, 2570.01 real, 13193 MB, 1.01 load
[runlim] sample:		2543.44 time, 2580.01 real, 13169 MB, 1.01 load
[runlim] sample:		2553.44 time, 2590.01 real, 13150 MB, 1.01 load
[runlim] sample:		2563.44 time, 2600.01 real, 13160 MB, 1.01 load
[runlim] sample:		2573.44 time, 2610.01 real, 13192 MB, 1.00 load
[runlim] sample:		2583.44 time, 2620.01 real, 13199 MB, 1.00 load
[runlim] sample:		2593.43 time, 2630.01 real, 13200 MB, 1.00 load
[runlim] sample:		2603.43 time, 2640.01 real, 13215 MB, 1.00 load
[runlim] sample:		2613.43 time, 2650.01 real, 13213 MB, 1.00 load
[runlim] sample:		2623.43 time, 2660.01 real, 13204 MB, 1.00 load
[runlim] sample:		2633.43 time, 2670.01 real, 13190 MB, 1.00 load
[runlim] sample:		2643.43 time, 2680.01 real, 13189 MB, 1.00 load
[runlim] sample:		2653.43 time, 2690.01 real, 13187 MB, 1.00 load
[runlim] sample:		2663.43 time, 2700.01 real, 13187 MB, 1.00 load
[runlim] sample:		2673.43 time, 2710.01 real, 13168 MB, 1.00 load
[runlim] sample:		2683.42 time, 2720.01 real, 13157 MB, 1.00 load
[runlim] sample:		2693.42 time, 2730.01 real, 13152 MB, 1.00 load
[runlim] sample:		2703.42 time, 2740.01 real, 13143 MB, 1.00 load
[runlim] sample:		2713.42 time, 2750.01 real, 13141 MB, 1.00 load
[runlim] sample:		2723.42 time, 2760.01 real, 13141 MB, 1.00 load
[runlim] sample:		2733.41 time, 2770.01 real, 13210 MB, 1.00 load
[runlim] sample:		2743.41 time, 2780.01 real, 13170 MB, 1.00 load
[runlim] sample:		2753.42 time, 2790.01 real, 13154 MB, 1.00 load
[runlim] sample:		2763.41 time, 2800.01 real, 13145 MB, 1.00 load
[runlim] sample:		2773.41 time, 2810.01 real, 13142 MB, 1.00 load
[runlim] sample:		2783.41 time, 2820.01 real, 13220 MB, 1.00 load
[runlim] sample:		2793.41 time, 2830.01 real, 13189 MB, 1.00 load
[runlim] sample:		2803.41 time, 2840.01 real, 13155 MB, 1.00 load
[runlim] sample:		2813.41 time, 2850.01 real, 13146 MB, 1.00 load
[runlim] sample:		2823.40 time, 2860.01 real, 13206 MB, 1.08 load
[runlim] sample:		2833.41 time, 2870.01 real, 13170 MB, 1.07 load
[runlim] sample:		2843.40 time, 2880.01 real, 13143 MB, 1.06 load
[runlim] sample:		2853.41 time, 2890.01 real, 13204 MB, 1.05 load
[runlim] sample:		2863.40 time, 2900.01 real, 13143 MB, 1.19 load
[runlim] sample:		2873.40 time, 2910.01 real, 13217 MB, 1.24 load
[runlim] sample:		2883.39 time, 2920.01 real, 13184 MB, 1.20 load
[runlim] sample:		2893.40 time, 2930.01 real, 13145 MB, 1.17 load
[runlim] sample:		2903.39 time, 2940.01 real, 13186 MB, 1.14 load
[runlim] sample:		2913.40 time, 2950.01 real, 13147 MB, 1.12 load
[runlim] sample:		2923.40 time, 2960.01 real, 13150 MB, 1.10 load
[runlim] sample:		2933.39 time, 2970.01 real, 13206 MB, 1.09 load
[runlim] sample:		2943.39 time, 2980.01 real, 13145 MB, 1.07 load
[runlim] sample:		2953.39 time, 2990.01 real, 13180 MB, 1.06 load
[runlim] sample:		2963.38 time, 3000.01 real, 13145 MB, 1.05 load
[runlim] sample:		2973.38 time, 3010.01 real, 13172 MB, 1.04 load
[runlim] sample:		2983.38 time, 3020.01 real, 13212 MB, 1.04 load
[runlim] sample:		2993.38 time, 3030.01 real, 13146 MB, 1.03 load
[runlim] sample:		3003.39 time, 3040.01 real, 13178 MB, 1.02 load
[runlim] sample:		3013.38 time, 3050.01 real, 13207 MB, 1.02 load
[runlim] sample:		3023.38 time, 3060.01 real, 13222 MB, 1.02 load
[runlim] sample:		3033.38 time, 3070.01 real, 13149 MB, 1.01 load
[runlim] sample:		3043.37 time, 3080.01 real, 13169 MB, 1.01 load
[runlim] sample:		3053.38 time, 3090.01 real, 13209 MB, 1.01 load
[runlim] sample:		3063.37 time, 3100.01 real, 13147 MB, 1.01 load
[runlim] sample:		3073.37 time, 3110.01 real, 13147 MB, 1.01 load
[runlim] sample:		3083.37 time, 3120.01 real, 13186 MB, 1.00 load
[runlim] sample:		3093.37 time, 3130.01 real, 13201 MB, 1.00 load
[runlim] sample:		3103.37 time, 3140.01 real, 13212 MB, 1.00 load
[runlim] sample:		3113.37 time, 3150.01 real, 13226 MB, 1.00 load
[runlim] sample:		3123.36 time, 3160.01 real, 13230 MB, 1.00 load
[runlim] sample:		3133.37 time, 3170.01 real, 13225 MB, 1.00 load
[runlim] sample:		3143.36 time, 3180.01 real, 13197 MB, 1.00 load
[runlim] sample:		3153.36 time, 3190.01 real, 13147 MB, 1.00 load
[runlim] sample:		3163.36 time, 3200.01 real, 13150 MB, 1.00 load
[runlim] sample:		3173.36 time, 3210.01 real, 13147 MB, 1.00 load
[runlim] sample:		3183.35 time, 3220.01 real, 13148 MB, 1.07 load
[runlim] sample:		3193.35 time, 3230.01 real, 13151 MB, 1.06 load
[runlim] sample:		3203.36 time, 3240.01 real, 13162 MB, 1.05 load
[runlim] sample:		3213.35 time, 3250.01 real, 13213 MB, 1.04 load
[runlim] sample:		3223.35 time, 3260.01 real, 13172 MB, 1.04 load
[runlim] sample:		3233.35 time, 3270.01 real, 13150 MB, 1.03 load
[runlim] sample:		3243.35 time, 3280.01 real, 13177 MB, 1.02 load
[runlim] sample:		3253.35 time, 3290.01 real, 13190 MB, 1.02 load
[runlim] sample:		3263.35 time, 3300.01 real, 13190 MB, 1.02 load
[runlim] sample:		3273.35 time, 3310.01 real, 13164 MB, 1.01 load
[runlim] sample:		3283.34 time, 3320.01 real, 13209 MB, 1.01 load
[runlim] sample:		3293.34 time, 3330.01 real, 13212 MB, 1.01 load
[runlim] sample:		3303.34 time, 3340.01 real, 13156 MB, 1.01 load
[runlim] sample:		3313.34 time, 3350.01 real, 13216 MB, 1.01 load
[runlim] sample:		3323.34 time, 3360.01 real, 13156 MB, 1.00 load
[runlim] sample:		3333.34 time, 3370.01 real, 13183 MB, 1.00 load
[runlim] sample:		3343.34 time, 3380.01 real, 13242 MB, 1.00 load
[runlim] sample:		3353.34 time, 3390.01 real, 13152 MB, 1.00 load
[runlim] sample:		3363.33 time, 3400.01 real, 13152 MB, 1.16 load
[runlim] sample:		3373.33 time, 3410.01 real, 13159 MB, 1.21 load
[runlim] sample:		3383.34 time, 3420.01 real, 13169 MB, 1.17 load
[runlim] sample:		3393.33 time, 3430.01 real, 13164 MB, 1.15 load
[runlim] sample:		3403.33 time, 3440.01 real, 13237 MB, 1.12 load
[runlim] sample:		3413.32 time, 3450.01 real, 13162 MB, 1.10 load
[runlim] sample:		3423.33 time, 3460.01 real, 13235 MB, 1.09 load
[runlim] sample:		3433.32 time, 3470.01 real, 13214 MB, 1.07 load
[runlim] sample:		3443.32 time, 3480.01 real, 13187 MB, 1.06 load
[runlim] sample:		3453.32 time, 3490.01 real, 13199 MB, 1.05 load
[runlim] sample:		3463.32 time, 3500.01 real, 13170 MB, 1.04 load
[runlim] sample:		3473.32 time, 3510.01 real, 13234 MB, 1.04 load
[runlim] sample:		3483.32 time, 3520.01 real, 13237 MB, 1.03 load
[runlim] sample:		3493.32 time, 3530.01 real, 13178 MB, 1.02 load
[runlim] sample:		3503.31 time, 3540.01 real, 13199 MB, 1.02 load
[runlim] sample:		3513.31 time, 3550.01 real, 13177 MB, 1.02 load
[runlim] sample:		3523.31 time, 3560.01 real, 13179 MB, 1.01 load
[runlim] sample:		3533.31 time, 3570.01 real, 13157 MB, 1.01 load
[runlim] sample:		3543.31 time, 3580.01 real, 13210 MB, 1.01 load
[runlim] sample:		3553.31 time, 3590.01 real, 13211 MB, 1.01 load
[runlim] sample:		3563.31 time, 3600.01 real, 13158 MB, 1.01 load
[runlim] sample:		3573.31 time, 3610.01 real, 13207 MB, 1.00 load
[runlim] sample:		3583.31 time, 3620.01 real, 13213 MB, 1.00 load
[runlim] sample:		3593.31 time, 3630.01 real, 13165 MB, 1.00 load
[runlim] sample:		3603.30 time, 3640.01 real, 13220 MB, 1.00 load
[runlim] sample:		3613.30 time, 3650.01 real, 13159 MB, 1.00 load
[runlim] sample:		3623.30 time, 3660.01 real, 13187 MB, 1.00 load
[runlim] sample:		3633.30 time, 3670.01 real, 13245 MB, 1.00 load
[runlim] sample:		3643.29 time, 3680.01 real, 13161 MB, 1.00 load
[runlim] sample:		3653.30 time, 3690.01 real, 13174 MB, 1.00 load
[runlim] sample:		3663.29 time, 3700.01 real, 13233 MB, 1.00 load
[runlim] sample:		3673.30 time, 3710.01 real, 13256 MB, 1.00 load
[runlim] sample:		3683.29 time, 3720.01 real, 13166 MB, 1.07 load
[runlim] sample:		3693.29 time, 3730.01 real, 13178 MB, 1.06 load
[runlim] sample:		3703.29 time, 3740.01 real, 13201 MB, 1.05 load
[runlim] sample:		3713.29 time, 3750.01 real, 13232 MB, 1.04 load
[runlim] sample:		3723.29 time, 3760.01 real, 13247 MB, 1.04 load
[runlim] sample:		3733.28 time, 3770.01 real, 13233 MB, 1.03 load
[runlim] sample:		3743.29 time, 3780.01 real, 13231 MB, 1.02 load
[runlim] sample:		3753.29 time, 3790.01 real, 13238 MB, 1.02 load
[runlim] sample:		3763.28 time, 3800.01 real, 13212 MB, 1.02 load
[runlim] sample:		3773.28 time, 3810.01 real, 13207 MB, 1.01 load
[runlim] sample:		3783.28 time, 3820.01 real, 13223 MB, 1.01 load
[runlim] sample:		3793.28 time, 3830.01 real, 13227 MB, 1.01 load
[runlim] sample:		3803.28 time, 3840.01 real, 13205 MB, 1.01 load
[runlim] sample:		3813.27 time, 3850.01 real, 13187 MB, 1.01 load
[runlim] sample:		3823.28 time, 3860.01 real, 13167 MB, 1.00 load
[runlim] sample:		3833.27 time, 3870.01 real, 13196 MB, 1.00 load
[runlim] sample:		3843.27 time, 3880.01 real, 13215 MB, 1.00 load
[runlim] sample:		3853.27 time, 3890.01 real, 13167 MB, 1.00 load
[runlim] sample:		3863.27 time, 3900.01 real, 13235 MB, 1.16 load
[runlim] sample:		3873.27 time, 3910.01 real, 13226 MB, 1.21 load
[runlim] sample:		3883.26 time, 3920.01 real, 13168 MB, 1.17 load
[runlim] sample:		3893.26 time, 3930.01 real, 13256 MB, 1.15 load
[runlim] sample:		3903.26 time, 3940.01 real, 13212 MB, 1.12 load
[runlim] sample:		3913.27 time, 3950.01 real, 13170 MB, 1.10 load
[runlim] sample:		3923.26 time, 3960.01 real, 13168 MB, 1.09 load
[runlim] sample:		3933.26 time, 3970.01 real, 13225 MB, 1.15 load
[runlim] sample:		3943.26 time, 3980.01 real, 13223 MB, 1.20 load
[runlim] sample:		3953.26 time, 3990.01 real, 13222 MB, 1.17 load
[runlim] sample:		3963.25 time, 4000.01 real, 13172 MB, 1.15 load
[runlim] sample:		3973.26 time, 4010.01 real, 13268 MB, 1.12 load
[runlim] sample:		3983.26 time, 4020.01 real, 13236 MB, 1.10 load
[runlim] sample:		3993.25 time, 4030.01 real, 13171 MB, 1.09 load
[runlim] sample:		4003.26 time, 4040.01 real, 13171 MB, 1.07 load
[runlim] sample:		4013.25 time, 4050.02 real, 13255 MB, 1.06 load
[runlim] sample:		4023.24 time, 4060.01 real, 13228 MB, 1.05 load
[runlim] sample:		4033.24 time, 4070.01 real, 13173 MB, 1.04 load
[runlim] sample:		4043.24 time, 4080.01 real, 13253 MB, 1.04 load
[runlim] sample:		4053.25 time, 4090.01 real, 13226 MB, 1.03 load
[runlim] sample:		4063.25 time, 4100.01 real, 13173 MB, 1.02 load
[runlim] sample:		4073.24 time, 4110.01 real, 13258 MB, 1.02 load
[runlim] sample:		4083.24 time, 4120.01 real, 13176 MB, 1.02 load
[runlim] sample:		4093.24 time, 4130.01 real, 13236 MB, 1.01 load
[runlim] sample:		4103.24 time, 4140.01 real, 13188 MB, 1.01 load
[runlim] sample:		4113.24 time, 4150.01 real, 13231 MB, 1.01 load
[runlim] sample:		4123.24 time, 4160.01 real, 13193 MB, 1.01 load
[runlim] sample:		4133.23 time, 4170.01 real, 13176 MB, 1.01 load
[runlim] sample:		4143.23 time, 4180.01 real, 13238 MB, 1.00 load
[runlim] sample:		4153.23 time, 4190.01 real, 13173 MB, 1.00 load
[runlim] sample:		4163.23 time, 4200.01 real, 13213 MB, 1.00 load
[runlim] sample:		4173.23 time, 4210.01 real, 13270 MB, 1.00 load
[runlim] sample:		4183.23 time, 4220.01 real, 13186 MB, 1.00 load
[runlim] sample:		4193.23 time, 4230.01 real, 13259 MB, 1.00 load
[runlim] sample:		4203.23 time, 4240.01 real, 13196 MB, 1.00 load
[runlim] sample:		4213.22 time, 4250.01 real, 13246 MB, 1.00 load
[runlim] sample:		4223.22 time, 4260.01 real, 13176 MB, 1.00 load
[runlim] sample:		4233.22 time, 4270.01 real, 13238 MB, 1.00 load
[runlim] sample:		4243.22 time, 4280.01 real, 13219 MB, 1.00 load
[runlim] sample:		4253.21 time, 4290.01 real, 13180 MB, 1.00 load
[runlim] sample:		4263.22 time, 4300.01 real, 13176 MB, 1.00 load
[runlim] sample:		4273.21 time, 4310.01 real, 13277 MB, 1.00 load
[runlim] sample:		4283.22 time, 4320.01 real, 13262 MB, 1.00 load
[runlim] sample:		4293.21 time, 4330.01 real, 13263 MB, 1.00 load
[runlim] sample:		4303.20 time, 4340.01 real, 13249 MB, 1.00 load
[runlim] sample:		4313.20 time, 4350.01 real, 13201 MB, 1.00 load
[runlim] sample:		4323.20 time, 4360.01 real, 13207 MB, 1.00 load
[runlim] sample:		4333.20 time, 4370.01 real, 13250 MB, 1.00 load

Running ACAS all...
[runlim] sample:		4341.01 time, 4380.02 real, 13164 MB, 1.00 load
Configuration: FP-ZonoContract-DU-Base

Warmup...

NN₁: ACASXU_run2a_1_1_batch_2000.onnx
NN₂: ACASXU_run2a_1_1_batch_2000_pruned5.onnx
Prop: prop_1.vnnlib
[runlim] sample:		4350.75 time, 4390.01 real, 13170 MB, 1.00 load
[runlim] sample:		4360.74 time, 4400.01 real, 13174 MB, 1.15 load
[runlim] sample:		4370.75 time, 4410.01 real, 13196 MB, 1.20 load
[runlim] sample:		4380.74 time, 4420.01 real, 13209 MB, 1.17 load
[runlim] sample:		4390.74 time, 4430.01 real, 13191 MB, 1.15 load
[runlim] sample:		4400.74 time, 4440.01 real, 13199 MB, 1.12 load
[runlim] sample:		4410.74 time, 4450.01 real, 13205 MB, 1.10 load
[runlim] sample:		4420.74 time, 4460.01 real, 13212 MB, 1.09 load
[runlim] sample:		4430.74 time, 4470.01 real, 13217 MB, 1.07 load
[runlim] sample:		4440.73 time, 4480.02 real, 13246 MB, 1.06 load
[runlim] sample:		4450.73 time, 4490.01 real, 13251 MB, 1.05 load
[runlim] sample:		4460.73 time, 4500.01 real, 13245 MB, 1.04 load

Warmup End

NN₁: ACASXU_run2a_1_1_batch_2000.onnx
NN₂: ACASXU_run2a_1_1_batch_2000_pruned5.onnx
Prop: prop_7.vnnlib
[runlim] sample:		4470.68 time, 4510.01 real, 13170 MB, 1.04 load
[runlim] sample:		4480.69 time, 4520.01 real, 13170 MB, 1.03 load
[runlim] sample:		4490.68 time, 4530.01 real, 13170 MB, 1.02 load
[runlim] sample:		4500.68 time, 4540.01 real, 13170 MB, 1.02 load
[runlim] sample:		4510.68 time, 4550.01 real, 13170 MB, 1.02 load
[runlim] sample:		4520.68 time, 4560.01 real, 13170 MB, 1.01 load
[runlim] sample:		4530.67 time, 4570.01 real, 13170 MB, 1.01 load
[runlim] sample:		4540.67 time, 4580.01 real, 13170 MB, 1.01 load
[runlim] sample:		4550.67 time, 4590.01 real, 13170 MB, 1.01 load
[runlim] sample:		4560.67 time, 4600.01 real, 13170 MB, 1.01 load
[runlim] sample:		4570.67 time, 4610.01 real, 13170 MB, 1.00 load
[runlim] sample:		4580.67 time, 4620.01 real, 13170 MB, 1.00 load
[runlim] sample:		4590.67 time, 4630.01 real, 13170 MB, 1.00 load
[runlim] sample:		4600.67 time, 4640.01 real, 13170 MB, 1.00 load
[runlim] sample:		4610.66 time, 4650.01 real, 13170 MB, 1.00 load
[runlim] sample:		4620.67 time, 4660.01 real, 13170 MB, 1.00 load
[runlim] sample:		4630.67 time, 4670.01 real, 13170 MB, 1.00 load
[runlim] sample:		4640.67 time, 4680.01 real, 13170 MB, 1.00 load
[runlim] sample:		4650.66 time, 4690.01 real, 13170 MB, 1.00 load
[runlim] sample:		4660.66 time, 4700.01 real, 13170 MB, 1.00 load
[runlim] sample:		4670.67 time, 4710.01 real, 13170 MB, 1.00 load
[runlim] sample:		4680.66 time, 4720.01 real, 13170 MB, 1.00 load
[runlim] sample:		4690.66 time, 4730.01 real, 13170 MB, 1.00 load
[runlim] sample:		4700.66 time, 4740.01 real, 13170 MB, 1.00 load
[runlim] sample:		4710.66 time, 4750.01 real, 13170 MB, 1.00 load
[runlim] sample:		4720.66 time, 4760.01 real, 13170 MB, 1.00 load
[runlim] sample:		4730.66 time, 4770.01 real, 13170 MB, 1.00 load
[runlim] sample:		4740.65 time, 4780.01 real, 13170 MB, 1.00 load
[runlim] sample:		4750.65 time, 4790.01 real, 13170 MB, 1.00 load
[runlim] sample:		4760.66 time, 4800.01 real, 13170 MB, 1.00 load
[runlim] sample:		4770.66 time, 4810.01 real, 13170 MB, 1.00 load
[runlim] sample:		4780.66 time, 4820.01 real, 13170 MB, 1.00 load
[runlim] sample:		4790.65 time, 4830.01 real, 13170 MB, 1.00 load
[runlim] sample:		4800.65 time, 4840.01 real, 13170 MB, 1.00 load
[runlim] sample:		4810.65 time, 4850.01 real, 13170 MB, 1.00 load
[runlim] sample:		4820.65 time, 4860.01 real, 13170 MB, 1.00 load
[runlim] sample:		4830.65 time, 4870.01 real, 13170 MB, 1.00 load
[runlim] sample:		4840.65 time, 4880.01 real, 13170 MB, 1.00 load
[runlim] sample:		4850.64 time, 4890.01 real, 13180 MB, 1.00 load
[runlim] sample:		4860.64 time, 4900.01 real, 13180 MB, 1.15 load
[runlim] sample:		4870.64 time, 4910.01 real, 13184 MB, 1.20 load
[runlim] sample:		4880.64 time, 4920.01 real, 13193 MB, 1.17 load
[runlim] sample:		4890.64 time, 4930.01 real, 13203 MB, 1.15 load
[runlim] sample:		4900.64 time, 4940.01 real, 13213 MB, 1.12 load
[runlim] sample:		4910.64 time, 4950.01 real, 13221 MB, 1.10 load
[runlim] sample:		4920.64 time, 4960.01 real, 13224 MB, 1.09 load
[runlim] sample:		4930.64 time, 4970.01 real, 13226 MB, 1.07 load
[runlim] sample:		4940.64 time, 4980.01 real, 13226 MB, 1.06 load
[runlim] sample:		4950.64 time, 4990.01 real, 13226 MB, 1.05 load
[runlim] sample:		4960.63 time, 5000.01 real, 13226 MB, 1.04 load
[runlim] sample:		4970.64 time, 5010.01 real, 13227 MB, 1.04 load
Configuration: FP-ZonoContract-DU-Input-DiffZono

Warmup...

NN₁: ACASXU_run2a_1_1_batch_2000.onnx
NN₂: ACASXU_run2a_1_1_batch_2000_pruned5.onnx
Prop: prop_1.vnnlib

Warmup End

NN₁: ACASXU_run2a_1_1_batch_2000.onnx
NN₂: ACASXU_run2a_1_1_batch_2000_pruned5.onnx
Prop: prop_7.vnnlib
[runlim] sample:		4980.59 time, 5020.01 real, 13170 MB, 1.03 load
[runlim] end:			Tue Feb  3 04:04:25 2026
[runlim] status:		ok
[runlim] result:		0
[runlim] children:		1
[runlim] processes:		2
[runlim] real:			5022.28 seconds
[runlim] time:			4982.00 seconds
[runlim] space:			14984 MB
[runlim] load:			1.34 maximum
[runlim] samples:		50223
