[runlim] version:		2.0.0rc12
[runlim] host:			i57pool4
[runlim] time limit:		311040000 seconds
[runlim] real time limit:	311040000 seconds
[runlim] space limit:		15000 MB
[runlim] argv[0]:		julia
[runlim] argv[1]:		run_all_experiments.jl
[runlim] start:			Wed Jan 28 13:02:15 2026
[runlim] child:			3545487
  Activating project at `~/VeryDiff`
[runlim] sample:		1.44 time, 10.02 real, 356 MB, 0.21 load
[runlim] sample:		2.42 time, 20.02 real, 375 MB, 0.33 load
[runlim] sample:		3.25 time, 30.02 real, 385 MB, 0.43 load
Precompiling packages...
[runlim] sample:		7.42 time, 40.01 real, 917 MB, 0.59 load
  11838.5 ms  ✓ VeryDiff
  1 dependency successfully precompiled in 37 seconds. 141 already precompiled.
Set parameter Username
Academic license - for non-commercial use only - expires 2026-12-23
[runlim] sample:		14.96 time, 50.01 real, 597 MB, 0.66 load
[runlim] sample:		24.96 time, 60.01 real, 1096 MB, 0.71 load

Running MNIST all...
[runlim] sample:		34.97 time, 70.01 real, 1217 MB, 0.76 load
Configuration: ZonoContract-DU-Base

Warmup...

NN₁: mnist_relu_2_512.onnx
NN₂: mnist_relu_2_512_0.79.onnx
Prop: mnist_0_global_3.vnnlib
[runlim] sample:		44.87 time, 80.01 real, 1300 MB, 0.79 load
[runlim] sample:		54.87 time, 90.02 real, 1323 MB, 0.83 load
[runlim] sample:		64.87 time, 100.01 real, 1689 MB, 0.85 load
[runlim] sample:		74.87 time, 110.01 real, 1912 MB, 0.88 load
[runlim] sample:		84.86 time, 120.01 real, 2659 MB, 0.98 load
[runlim] sample:		94.86 time, 130.01 real, 2877 MB, 1.13 load
[runlim] sample:		104.86 time, 140.01 real, 3183 MB, 1.19 load
[runlim] sample:		114.86 time, 150.01 real, 3697 MB, 1.16 load
[runlim] sample:		124.86 time, 160.01 real, 4082 MB, 1.13 load
[runlim] sample:		134.85 time, 170.01 real, 4638 MB, 1.11 load
[runlim] sample:		144.85 time, 180.01 real, 4783 MB, 1.09 load
[runlim] sample:		154.85 time, 190.01 real, 5139 MB, 1.08 load
[runlim] sample:		164.85 time, 200.01 real, 5492 MB, 1.07 load

Warmup End
[runlim] sample:		165.13 time, 210.02 real, 1124 MB, 0.90 load
[runlim] sample:		165.13 time, 220.02 real, 1124 MB, 0.76 load

NN₁: mnist_relu_2_512.onnx
NN₂: mnist_relu_2_512_0.79.onnx
Prop: mnist_0_global_3.vnnlib
[runlim] sample:		174.80 time, 230.01 real, 1754 MB, 0.80 load
[runlim] sample:		184.80 time, 240.01 real, 2351 MB, 0.83 load
[runlim] sample:		194.80 time, 250.01 real, 2722 MB, 0.86 load
[runlim] sample:		204.80 time, 260.01 real, 2948 MB, 0.88 load
[runlim] sample:		214.80 time, 270.01 real, 3305 MB, 0.90 load
[runlim] sample:		224.80 time, 280.01 real, 3809 MB, 0.92 load
[runlim] sample:		234.80 time, 290.01 real, 4247 MB, 0.93 load
[runlim] sample:		244.80 time, 300.01 real, 4743 MB, 0.94 load
[runlim] sample:		254.80 time, 310.01 real, 5302 MB, 0.95 load
[runlim] sample:		264.80 time, 320.01 real, 5435 MB, 0.96 load
[runlim] sample:		274.79 time, 330.01 real, 6046 MB, 0.96 load
[runlim] sample:		284.79 time, 340.01 real, 6320 MB, 0.97 load
[runlim] sample:		286.65 time, 350.02 real, 1078 MB, 0.89 load
[runlim] sample:		286.65 time, 360.02 real, 1078 MB, 0.76 load

NN₁: mnist_relu_2_512.onnx
NN₂: mnist_relu_2_512_0.79.onnx
Prop: mnist_0_global_6.vnnlib
[runlim] sample:		294.74 time, 370.01 real, 1602 MB, 0.72 load
[runlim] sample:		304.74 time, 380.01 real, 2123 MB, 0.76 load
[runlim] sample:		314.74 time, 390.01 real, 2524 MB, 0.80 load
[runlim] sample:		324.74 time, 400.01 real, 2830 MB, 0.91 load
[runlim] sample:		334.74 time, 410.01 real, 3161 MB, 0.93 load
[runlim] sample:		344.74 time, 420.01 real, 3506 MB, 0.94 load
[runlim] sample:		354.74 time, 430.01 real, 3922 MB, 0.95 load
[runlim] sample:		364.74 time, 440.01 real, 4345 MB, 0.96 load
[runlim] sample:		374.73 time, 450.01 real, 4771 MB, 0.96 load
[runlim] sample:		384.73 time, 460.01 real, 5110 MB, 0.97 load
[runlim] sample:		394.73 time, 470.01 real, 5733 MB, 0.97 load
[runlim] sample:		404.74 time, 480.01 real, 5980 MB, 0.98 load
[runlim] sample:		407.82 time, 490.02 real, 1162 MB, 0.90 load
[runlim] sample:		407.82 time, 500.02 real, 1162 MB, 0.76 load

NN₁: mnist_relu_2_512.onnx
NN₂: mnist_relu_2_512_0.79.onnx
Prop: mnist_1_global_3.vnnlib
[runlim] sample:		414.68 time, 510.01 real, 1686 MB, 0.73 load
[runlim] sample:		424.68 time, 520.01 real, 2234 MB, 0.77 load
[runlim] sample:		434.67 time, 530.01 real, 2623 MB, 0.80 load
[runlim] sample:		444.67 time, 540.01 real, 3190 MB, 0.83 load
[runlim] sample:		454.67 time, 550.01 real, 3627 MB, 0.86 load
[runlim] sample:		464.67 time, 560.01 real, 4100 MB, 0.88 load
[runlim] sample:		474.66 time, 570.01 real, 4566 MB, 0.90 load
[runlim] sample:		484.66 time, 580.01 real, 5058 MB, 0.92 load
[runlim] sample:		494.67 time, 590.01 real, 5630 MB, 0.93 load
[runlim] sample:		504.67 time, 600.01 real, 6198 MB, 0.94 load
[runlim] sample:		514.66 time, 610.01 real, 6794 MB, 0.95 load
[runlim] sample:		524.66 time, 620.01 real, 7399 MB, 1.04 load
[runlim] sample:		529.10 time, 630.02 real, 1185 MB, 1.11 load
[runlim] sample:		529.10 time, 640.02 real, 1185 MB, 1.16 load

NN₁: mnist_relu_2_512.onnx
NN₂: mnist_relu_2_512_0.79.onnx
Prop: mnist_1_global_6.vnnlib
[runlim] sample:		534.61 time, 650.01 real, 1586 MB, 1.14 load
[runlim] sample:		544.61 time, 660.01 real, 2177 MB, 1.12 load
[runlim] sample:		554.61 time, 670.01 real, 2681 MB, 1.10 load
[runlim] sample:		564.61 time, 680.01 real, 2795 MB, 1.08 load
[runlim] sample:		574.61 time, 690.01 real, 3410 MB, 1.07 load
[runlim] sample:		584.61 time, 700.01 real, 3908 MB, 1.06 load
[runlim] sample:		594.61 time, 710.01 real, 4188 MB, 1.12 load
[runlim] sample:		604.61 time, 720.01 real, 4417 MB, 1.10 load
[runlim] sample:		614.61 time, 730.01 real, 4988 MB, 1.09 load
[runlim] sample:		624.61 time, 740.01 real, 5465 MB, 1.07 load
[runlim] sample:		634.61 time, 750.01 real, 5783 MB, 1.06 load
[runlim] sample:		644.61 time, 760.01 real, 6359 MB, 1.05 load
[runlim] sample:		650.38 time, 770.02 real, 1185 MB, 0.96 load
[runlim] sample:		650.38 time, 780.02 real, 1185 MB, 0.81 load

NN₁: mnist_relu_2_512.onnx
NN₂: mnist_relu_2_512_0.79.onnx
Prop: mnist_2_global_3.vnnlib
[runlim] sample:		654.57 time, 790.01 real, 1643 MB, 0.77 load
[runlim] sample:		664.57 time, 800.02 real, 1908 MB, 0.81 load
[runlim] sample:		674.57 time, 810.01 real, 2495 MB, 0.84 load
[runlim] sample:		684.57 time, 820.01 real, 2972 MB, 0.86 load
[runlim] sample:		694.57 time, 830.01 real, 3240 MB, 0.88 load
[runlim] sample:		704.56 time, 840.01 real, 3612 MB, 0.90 load
[runlim] sample:		714.57 time, 850.01 real, 4002 MB, 0.92 load
[runlim] sample:		724.57 time, 860.01 real, 4510 MB, 0.93 load
[runlim] sample:		734.56 time, 870.01 real, 4688 MB, 0.94 load
[runlim] sample:		744.56 time, 880.01 real, 5142 MB, 0.95 load
[runlim] sample:		754.56 time, 890.01 real, 5604 MB, 0.96 load
[runlim] sample:		764.56 time, 900.01 real, 6015 MB, 0.97 load
[runlim] sample:		771.62 time, 910.02 real, 1185 MB, 0.97 load
[runlim] sample:		771.62 time, 920.02 real, 1185 MB, 0.82 load

NN₁: mnist_relu_2_512.onnx
NN₂: mnist_relu_2_512_0.79.onnx
Prop: mnist_3_global_6.vnnlib
[runlim] sample:		774.49 time, 930.01 real, 1546 MB, 0.69 load
[runlim] sample:		784.49 time, 940.01 real, 1860 MB, 0.74 load
[runlim] sample:		794.49 time, 950.01 real, 2443 MB, 0.78 load
[runlim] sample:		804.49 time, 960.01 real, 2834 MB, 0.82 load
[runlim] sample:		814.48 time, 970.01 real, 3110 MB, 0.84 load
[runlim] sample:		824.48 time, 980.01 real, 3497 MB, 0.87 load
[runlim] sample:		834.48 time, 990.01 real, 4031 MB, 0.89 load
[runlim] sample:		844.48 time, 1000.01 real, 4493 MB, 0.91 load
[runlim] sample:		854.47 time, 1010.01 real, 5051 MB, 0.92 load
[runlim] sample:		864.47 time, 1020.01 real, 5284 MB, 0.93 load
[runlim] sample:		874.47 time, 1030.01 real, 5762 MB, 0.94 load
[runlim] sample:		884.47 time, 1040.01 real, 6167 MB, 0.95 load
[runlim] sample:		892.87 time, 1050.02 real, 1186 MB, 0.96 load
[runlim] sample:		892.87 time, 1060.02 real, 1186 MB, 0.81 load

NN₁: mnist_relu_2_512.onnx
NN₂: mnist_relu_2_512_0.79.onnx
Prop: mnist_4_global_3.vnnlib
[runlim] sample:		894.42 time, 1070.01 real, 1337 MB, 0.69 load
[runlim] sample:		904.42 time, 1080.01 real, 1932 MB, 0.74 load
[runlim] sample:		914.41 time, 1090.01 real, 2373 MB, 0.78 load
[runlim] sample:		924.42 time, 1100.01 real, 2738 MB, 0.81 load
[runlim] sample:		934.41 time, 1110.01 real, 3367 MB, 0.84 load
[runlim] sample:		944.41 time, 1120.01 real, 3806 MB, 0.95 load
[runlim] sample:		954.41 time, 1130.01 real, 4273 MB, 1.11 load
[runlim] sample:		964.40 time, 1140.01 real, 4273 MB, 1.17 load
[runlim] sample:		974.41 time, 1150.01 real, 4794 MB, 1.14 load
[runlim] sample:		984.40 time, 1160.01 real, 5355 MB, 1.12 load
[runlim] sample:		994.40 time, 1170.01 real, 5624 MB, 1.10 load
[runlim] sample:		1004.40 time, 1180.01 real, 6128 MB, 1.08 load
[runlim] sample:		1014.11 time, 1190.02 real, 1186 MB, 1.07 load
[runlim] sample:		1014.11 time, 1200.02 real, 1186 MB, 0.91 load

NN₁: mnist_relu_2_512.onnx
NN₂: mnist_relu_2_512_0.79.onnx
Prop: mnist_4_global_6.vnnlib
[runlim] sample:		1014.35 time, 1210.01 real, 1302 MB, 0.77 load
[runlim] sample:		1024.34 time, 1220.01 real, 1754 MB, 0.80 load
[runlim] sample:		1034.35 time, 1230.01 real, 2307 MB, 0.83 load
[runlim] sample:		1044.34 time, 1240.02 real, 2596 MB, 0.86 load
[runlim] sample:		1054.35 time, 1250.01 real, 2898 MB, 0.88 load
[runlim] sample:		1064.34 time, 1260.01 real, 3204 MB, 0.90 load
[runlim] sample:		1074.34 time, 1270.01 real, 3572 MB, 0.92 load
[runlim] sample:		1084.34 time, 1280.01 real, 4036 MB, 0.93 load
[runlim] sample:		1094.33 time, 1290.01 real, 4477 MB, 0.94 load
[runlim] sample:		1104.34 time, 1300.01 real, 5075 MB, 1.19 load
[runlim] sample:		1114.34 time, 1310.01 real, 5215 MB, 1.16 load
[runlim] sample:		1124.34 time, 1320.02 real, 5714 MB, 1.13 load
[runlim] sample:		1134.33 time, 1330.01 real, 6057 MB, 1.11 load
[runlim] sample:		1135.28 time, 1340.02 real, 1186 MB, 0.94 load
[runlim] sample:		1135.28 time, 1350.02 real, 1186 MB, 0.80 load

NN₁: mnist_relu_2_512.onnx
NN₂: mnist_relu_2_512_0.79.onnx
Prop: mnist_5_global_3.vnnlib
[runlim] sample:		1144.27 time, 1360.01 real, 1736 MB, 0.83 load
[runlim] sample:		1154.26 time, 1370.01 real, 2311 MB, 0.85 load
[runlim] sample:		1164.26 time, 1380.01 real, 2649 MB, 0.88 load
[runlim] sample:		1174.26 time, 1390.01 real, 3138 MB, 0.90 load
[runlim] sample:		1184.25 time, 1400.01 real, 3481 MB, 0.91 load
[runlim] sample:		1194.25 time, 1410.01 real, 4040 MB, 0.93 load
[runlim] sample:		1204.24 time, 1420.01 real, 4491 MB, 0.94 load
[runlim] sample:		1214.24 time, 1430.01 real, 4639 MB, 0.95 load
[runlim] sample:		1224.25 time, 1440.01 real, 5078 MB, 0.96 load
[runlim] sample:		1234.24 time, 1450.01 real, 5673 MB, 1.19 load
[runlim] sample:		1244.24 time, 1460.01 real, 5950 MB, 1.16 load
[runlim] sample:		1254.24 time, 1470.01 real, 6508 MB, 1.57 load
[runlim] sample:		1256.52 time, 1480.02 real, 1185 MB, 1.41 load
[runlim] sample:		1256.52 time, 1490.02 real, 1185 MB, 1.19 load

NN₁: mnist_relu_2_512.onnx
NN₂: mnist_relu_2_512_0.79.onnx
Prop: mnist_5_global_6.vnnlib
[runlim] sample:		1264.19 time, 1500.01 real, 1691 MB, 1.09 load
[runlim] sample:		1274.18 time, 1510.01 real, 2175 MB, 1.07 load
[runlim] sample:		1284.18 time, 1520.01 real, 2479 MB, 1.06 load
[runlim] sample:		1294.18 time, 1530.01 real, 2811 MB, 1.05 load
[runlim] sample:		1304.18 time, 1540.01 real, 3159 MB, 1.04 load
[runlim] sample:		1314.17 time, 1550.01 real, 3517 MB, 1.04 load
[runlim] sample:		1324.17 time, 1560.01 real, 3833 MB, 1.03 load
[runlim] sample:		1334.17 time, 1570.01 real, 4256 MB, 1.02 load
[runlim] sample:		1344.17 time, 1580.01 real, 4595 MB, 1.02 load
[runlim] sample:		1354.17 time, 1590.01 real, 4848 MB, 1.02 load
[runlim] sample:		1364.17 time, 1600.01 real, 5472 MB, 1.01 load
[runlim] sample:		1374.17 time, 1610.01 real, 5616 MB, 1.01 load
[runlim] sample:		1377.67 time, 1620.02 real, 1185 MB, 1.01 load
[runlim] sample:		1377.67 time, 1630.02 real, 1185 MB, 1.01 load

NN₁: mnist_relu_2_512.onnx
NN₂: mnist_relu_2_512_0.79.onnx
Prop: mnist_6_global_3.vnnlib
[runlim] sample:		1384.11 time, 1640.01 real, 1749 MB, 1.01 load
[runlim] sample:		1394.11 time, 1650.01 real, 2193 MB, 1.33 load
[runlim] sample:		1404.11 time, 1660.01 real, 2570 MB, 1.27 load
[runlim] sample:		1414.11 time, 1670.01 real, 2989 MB, 1.23 load
[runlim] sample:		1424.11 time, 1680.01 real, 3312 MB, 1.20 load
[runlim] sample:		1434.10 time, 1690.01 real, 3813 MB, 1.17 load
[runlim] sample:		1444.10 time, 1700.01 real, 4227 MB, 1.14 load
[runlim] sample:		1454.10 time, 1710.01 real, 4783 MB, 1.12 load
[runlim] sample:		1464.10 time, 1720.01 real, 4962 MB, 1.10 load
[runlim] sample:		1474.09 time, 1730.01 real, 5413 MB, 1.08 load
[runlim] sample:		1484.10 time, 1740.01 real, 6023 MB, 1.07 load
[runlim] sample:		1494.09 time, 1750.01 real, 6285 MB, 1.06 load
[runlim] sample:		1498.83 time, 1760.02 real, 1186 MB, 1.19 load
[runlim] sample:		1498.83 time, 1770.02 real, 1186 MB, 1.01 load

NN₁: mnist_relu_2_512.onnx
NN₂: mnist_relu_2_512_0.79.onnx
Prop: mnist_6_global_6.vnnlib
[runlim] sample:		1504.04 time, 1780.01 real, 1637 MB, 1.15 load
[runlim] sample:		1514.04 time, 1790.01 real, 1947 MB, 1.13 load
[runlim] sample:		1524.04 time, 1800.01 real, 2461 MB, 1.33 load
[runlim] sample:		1534.03 time, 1810.01 real, 2836 MB, 1.28 load
[runlim] sample:		1544.03 time, 1820.01 real, 3291 MB, 1.46 load
[runlim] sample:		1554.03 time, 1830.01 real, 3622 MB, 1.39 load
[runlim] sample:		1564.02 time, 1840.01 real, 4082 MB, 1.33 load
[runlim] sample:		1574.02 time, 1850.01 real, 4222 MB, 1.28 load
[runlim] sample:		1584.03 time, 1860.01 real, 4686 MB, 1.23 load
[runlim] sample:		1594.02 time, 1870.01 real, 5327 MB, 1.20 load
[runlim] sample:		1604.02 time, 1880.01 real, 5500 MB, 1.17 load
[runlim] sample:		1614.02 time, 1890.01 real, 6003 MB, 1.14 load
[runlim] sample:		1620.02 time, 1900.02 real, 1185 MB, 1.04 load
[runlim] sample:		1620.02 time, 1910.02 real, 1185 MB, 0.88 load

NN₁: mnist_relu_2_512.onnx
NN₂: mnist_relu_2_512_0.79.onnx
Prop: mnist_7_global_3.vnnlib
[runlim] sample:		1623.98 time, 1920.01 real, 1536 MB, 0.82 load
[runlim] sample:		1633.98 time, 1930.01 real, 1898 MB, 0.85 load
[runlim] sample:		1643.97 time, 1940.01 real, 2615 MB, 0.87 load
[runlim] sample:		1653.98 time, 1950.01 real, 2812 MB, 0.89 load
[runlim] sample:		1663.98 time, 1960.01 real, 3494 MB, 0.91 load
[runlim] sample:		1673.98 time, 1970.01 real, 3991 MB, 0.92 load
[runlim] sample:		1683.98 time, 1980.01 real, 4257 MB, 0.94 load
[runlim] sample:		1693.97 time, 1990.01 real, 4457 MB, 0.95 load
[runlim] sample:		1703.97 time, 2000.01 real, 4990 MB, 0.96 load
[runlim] sample:		1713.98 time, 2010.01 real, 5664 MB, 0.96 load
[runlim] sample:		1723.97 time, 2020.01 real, 5753 MB, 1.29 load
[runlim] sample:		1733.97 time, 2030.01 real, 6374 MB, 1.24 load
[runlim] sample:		1741.33 time, 2040.02 real, 1185 MB, 1.21 load
[runlim] sample:		1741.33 time, 2050.02 real, 1185 MB, 1.02 load

NN₁: mnist_relu_2_512.onnx
NN₂: mnist_relu_2_512_0.79.onnx
Prop: mnist_7_global_6.vnnlib
[runlim] sample:		1743.92 time, 2060.01 real, 1509 MB, 0.86 load
[runlim] sample:		1753.92 time, 2070.01 real, 1873 MB, 0.88 load
[runlim] sample:		1763.92 time, 2080.01 real, 2353 MB, 0.90 load
[runlim] sample:		1773.92 time, 2090.01 real, 2812 MB, 0.92 load
[runlim] sample:		1783.91 time, 2100.01 real, 3045 MB, 0.93 load
[runlim] sample:		1793.92 time, 2110.01 real, 3364 MB, 0.94 load
[runlim] sample:		1803.91 time, 2120.01 real, 3716 MB, 1.03 load
[runlim] sample:		1813.91 time, 2130.01 real, 4140 MB, 1.18 load
[runlim] sample:		1823.91 time, 2140.01 real, 4570 MB, 1.23 load
[runlim] sample:		1833.91 time, 2150.01 real, 5223 MB, 2.08 load
[runlim] sample:		1843.91 time, 2160.01 real, 5405 MB, 1.91 load
[runlim] sample:		1853.91 time, 2170.01 real, 5977 MB, 1.77 load
[runlim] sample:		1862.52 time, 2180.02 real, 1186 MB, 1.65 load
[runlim] sample:		1862.52 time, 2190.02 real, 1186 MB, 1.40 load

NN₁: mnist_relu_2_512.onnx
NN₂: mnist_relu_2_512_0.79.onnx
Prop: mnist_8_global_3.vnnlib
[runlim] sample:		1863.85 time, 2200.01 real, 1349 MB, 1.18 load
[runlim] sample:		1873.85 time, 2210.01 real, 1849 MB, 1.15 load
[runlim] sample:		1883.85 time, 2220.01 real, 2471 MB, 1.13 load
[runlim] sample:		1893.85 time, 2230.01 real, 2866 MB, 1.11 load
[runlim] sample:		1903.85 time, 2240.01 real, 3125 MB, 1.09 load
[runlim] sample:		1913.84 time, 2250.01 real, 3650 MB, 1.08 load
[runlim] sample:		1923.85 time, 2260.01 real, 4077 MB, 1.06 load
[runlim] sample:		1933.85 time, 2270.01 real, 4498 MB, 1.05 load
[runlim] sample:		1943.85 time, 2280.01 real, 5053 MB, 1.05 load
[runlim] sample:		1953.84 time, 2290.01 real, 5322 MB, 1.04 load
[runlim] sample:		1963.85 time, 2300.01 real, 5762 MB, 1.03 load
[runlim] sample:		1973.85 time, 2310.01 real, 6224 MB, 1.03 load
[runlim] sample:		1983.76 time, 2320.01 real, 1186 MB, 1.02 load
[runlim] sample:		1983.76 time, 2330.02 real, 1186 MB, 0.86 load

NN₁: mnist_relu_2_512.onnx
NN₂: mnist_relu_2_512_0.79.onnx
Prop: mnist_8_global_6.vnnlib
[runlim] sample:		1983.79 time, 2340.02 real, 1191 MB, 0.73 load
[runlim] sample:		1993.79 time, 2350.01 real, 1800 MB, 1.01 load
[runlim] sample:		2003.79 time, 2360.01 real, 2263 MB, 1.01 load
[runlim] sample:		2013.78 time, 2370.01 real, 2746 MB, 1.01 load
[runlim] sample:		2023.77 time, 2380.01 real, 3220 MB, 1.01 load
[runlim] sample:		2033.78 time, 2390.01 real, 3700 MB, 1.01 load
[runlim] sample:		2043.77 time, 2400.01 real, 4100 MB, 1.00 load
[runlim] sample:		2053.77 time, 2410.01 real, 4234 MB, 1.00 load
[runlim] sample:		2063.78 time, 2420.01 real, 4666 MB, 1.00 load
[runlim] sample:		2073.77 time, 2430.01 real, 5303 MB, 1.00 load
[runlim] sample:		2083.77 time, 2440.01 real, 5580 MB, 1.00 load
[runlim] sample:		2093.77 time, 2450.01 real, 6016 MB, 1.00 load
[runlim] sample:		2103.76 time, 2460.01 real, 6467 MB, 1.00 load
[runlim] sample:		2104.93 time, 2470.02 real, 1185 MB, 0.85 load
[runlim] sample:		2104.93 time, 2480.02 real, 1185 MB, 0.72 load

NN₁: mnist_relu_2_512.onnx
NN₂: mnist_relu_2_512_0.79.onnx
Prop: mnist_9_global_3.vnnlib
[runlim] sample:		2113.70 time, 2490.01 real, 1765 MB, 0.76 load
[runlim] sample:		2123.70 time, 2500.01 real, 2325 MB, 0.80 load
[runlim] sample:		2133.69 time, 2510.01 real, 2679 MB, 0.83 load
[runlim] sample:		2143.69 time, 2520.01 real, 3130 MB, 0.86 load
[runlim] sample:		2153.69 time, 2530.01 real, 3643 MB, 0.88 load
[runlim] sample:		2163.69 time, 2540.01 real, 4010 MB, 0.90 load
[runlim] sample:		2173.69 time, 2550.01 real, 4472 MB, 0.91 load
[runlim] sample:		2183.68 time, 2560.01 real, 4647 MB, 0.93 load
[runlim] sample:		2193.68 time, 2570.01 real, 5075 MB, 0.94 load
[runlim] sample:		2203.68 time, 2580.01 real, 5737 MB, 0.95 load
[runlim] sample:		2213.69 time, 2590.01 real, 5968 MB, 0.96 load
[runlim] sample:		2223.69 time, 2600.01 real, 6499 MB, 0.96 load
[runlim] sample:		2226.19 time, 2610.02 real, 1185 MB, 0.89 load
[runlim] sample:		2226.19 time, 2620.02 real, 1185 MB, 0.83 load

NN₁: mnist_relu_2_512.onnx
NN₂: mnist_relu_2_512_0.79.onnx
Prop: mnist_9_global_6.vnnlib
[runlim] sample:		2233.63 time, 2630.01 real, 1698 MB, 0.94 load
[runlim] sample:		2243.63 time, 2640.01 real, 2245 MB, 1.02 load
[runlim] sample:		2253.63 time, 2650.01 real, 2521 MB, 1.02 load
[runlim] sample:		2263.63 time, 2660.01 real, 2849 MB, 1.02 load
[runlim] sample:		2273.63 time, 2670.01 real, 3395 MB, 1.01 load
[runlim] sample:		2283.62 time, 2680.01 real, 3791 MB, 1.60 load
[runlim] sample:		2293.62 time, 2690.01 real, 3990 MB, 1.51 load
[runlim] sample:		2303.63 time, 2700.01 real, 4371 MB, 1.50 load
[runlim] sample:		2313.63 time, 2710.01 real, 4801 MB, 1.42 load
[runlim] sample:		2323.62 time, 2720.01 real, 5246 MB, 1.36 load
[runlim] sample:		2333.62 time, 2730.01 real, 5656 MB, 1.30 load
[runlim] sample:		2343.62 time, 2740.01 real, 6246 MB, 1.26 load
[runlim] sample:		2347.46 time, 2750.02 real, 1186 MB, 1.14 load
[runlim] sample:		2347.46 time, 2760.02 real, 1186 MB, 0.96 load

NN₁: mnist_relu_2_512.onnx
NN₂: mnist_relu_2_512_0.79.onnx
Prop: mnist_10_global_3.vnnlib
[runlim] sample:		2353.57 time, 2770.01 real, 1678 MB, 0.97 load
[runlim] sample:		2363.57 time, 2780.01 real, 2253 MB, 0.97 load
[runlim] sample:		2373.57 time, 2790.01 real, 2600 MB, 0.98 load
[runlim] sample:		2383.57 time, 2800.01 real, 3186 MB, 0.98 load
[runlim] sample:		2393.56 time, 2810.01 real, 3580 MB, 0.98 load
[runlim] sample:		2403.56 time, 2820.01 real, 4016 MB, 0.99 load
[runlim] sample:		2413.56 time, 2830.01 real, 4512 MB, 1.07 load
[runlim] sample:		2423.56 time, 2840.01 real, 4540 MB, 1.06 load
[runlim] sample:		2433.56 time, 2850.01 real, 5010 MB, 1.05 load
[runlim] sample:		2443.55 time, 2860.01 real, 5679 MB, 1.04 load
[runlim] sample:		2453.56 time, 2870.01 real, 5849 MB, 1.03 load
[runlim] sample:		2463.55 time, 2880.01 real, 6381 MB, 1.03 load
[runlim] sample:		2468.65 time, 2890.02 real, 1186 MB, 0.94 load
[runlim] sample:		2468.65 time, 2900.02 real, 1186 MB, 0.80 load

NN₁: mnist_relu_2_512.onnx
NN₂: mnist_relu_2_512_0.79.onnx
Prop: mnist_10_global_6.vnnlib
[runlim] sample:		2473.51 time, 2910.01 real, 1619 MB, 0.76 load
[runlim] sample:		2483.51 time, 2920.01 real, 2130 MB, 0.79 load
[runlim] sample:		2493.51 time, 2930.01 real, 2574 MB, 0.83 load
[runlim] sample:		2503.51 time, 2940.01 real, 2831 MB, 0.85 load
[runlim] sample:		2513.51 time, 2950.02 real, 3167 MB, 0.88 load
[runlim] sample:		2523.51 time, 2960.01 real, 3616 MB, 0.90 load
[runlim] sample:		2533.51 time, 2970.01 real, 3979 MB, 0.91 load
[runlim] sample:		2543.50 time, 2980.01 real, 4529 MB, 0.93 load
[runlim] sample:		2553.50 time, 2990.01 real, 4658 MB, 0.94 load
[runlim] sample:		2563.51 time, 3000.01 real, 5086 MB, 0.95 load
[runlim] sample:		2573.50 time, 3010.01 real, 5510 MB, 0.96 load
[runlim] sample:		2583.50 time, 3020.01 real, 5920 MB, 0.96 load
[runlim] sample:		2589.81 time, 3030.02 real, 1186 MB, 0.89 load
[runlim] sample:		2589.81 time, 3040.02 real, 1186 MB, 0.75 load

NN₁: mnist_relu_2_512.onnx
NN₂: mnist_relu_2_512_0.79.onnx
Prop: mnist_0_local_15.vnnlib
[runlim] sample:		2593.45 time, 3050.01 real, 1216 MB, 0.72 load
[runlim] sample:		2603.44 time, 3060.01 real, 1248 MB, 0.76 load
[runlim] sample:		2613.45 time, 3070.01 real, 1360 MB, 0.80 load
[runlim] sample:		2623.45 time, 3080.01 real, 1558 MB, 0.83 load
[runlim] sample:		2633.44 time, 3090.01 real, 1558 MB, 0.86 load
[runlim] sample:		2643.44 time, 3100.01 real, 1633 MB, 0.88 load
[runlim] sample:		2653.44 time, 3110.01 real, 1633 MB, 0.90 load
[runlim] sample:		2663.44 time, 3120.01 real, 1725 MB, 0.99 load
[runlim] sample:		2673.43 time, 3130.01 real, 1725 MB, 1.15 load
[runlim] sample:		2683.44 time, 3140.01 real, 1725 MB, 1.20 load
[runlim] sample:		2693.44 time, 3150.01 real, 1863 MB, 1.17 load
[runlim] sample:		2696.98 time, 3160.02 real, 1179 MB, 1.14 load
[runlim] sample:		2696.98 time, 3170.02 real, 1179 MB, 1.12 load

NN₁: mnist_relu_2_512.onnx
NN₂: mnist_relu_2_512_0.79.onnx
Prop: mnist_0_local_24.vnnlib
[runlim] sample:		2703.38 time, 3180.01 real, 1285 MB, 1.03 load
[runlim] sample:		2713.37 time, 3190.01 real, 1299 MB, 1.02 load
[runlim] sample:		2715.71 time, 3200.02 real, 1186 MB, 0.94 load
[runlim] sample:		2715.71 time, 3210.02 real, 1186 MB, 0.79 load

NN₁: mnist_relu_2_512.onnx
NN₂: mnist_relu_2_512_0.79.onnx
Prop: mnist_1_local_15.vnnlib
[runlim] sample:		2723.34 time, 3220.01 real, 1220 MB, 0.75 load
[runlim] sample:		2733.33 time, 3230.01 real, 1495 MB, 0.79 load
[runlim] sample:		2743.33 time, 3240.01 real, 1495 MB, 0.82 load
[runlim] sample:		2753.33 time, 3250.01 real, 1614 MB, 0.85 load
[runlim] sample:		2763.33 time, 3260.01 real, 1614 MB, 0.87 load
[runlim] sample:		2773.32 time, 3270.01 real, 1754 MB, 0.89 load
[runlim] sample:		2783.33 time, 3280.01 real, 1754 MB, 0.91 load
[runlim] sample:		2793.32 time, 3290.01 real, 1754 MB, 0.92 load
[runlim] sample:		2803.33 time, 3300.01 real, 1924 MB, 0.94 load
[runlim] sample:		2813.32 time, 3310.01 real, 1924 MB, 0.95 load
[runlim] sample:		2823.32 time, 3320.01 real, 1932 MB, 0.96 load
[runlim] sample:		2833.32 time, 3330.01 real, 2349 MB, 0.96 load
[runlim] sample:		2836.59 time, 3340.02 real, 2092 MB, 0.89 load
[runlim] sample:		2836.59 time, 3350.02 real, 2092 MB, 0.75 load

NN₁: mnist_relu_2_512.onnx
NN₂: mnist_relu_2_512_0.79.onnx
Prop: mnist_1_local_24.vnnlib
[runlim] sample:		2841.42 time, 3360.02 real, 2092 MB, 0.72 load
[runlim] sample:		2841.42 time, 3370.02 real, 2092 MB, 0.61 load

NN₁: mnist_relu_2_512.onnx
NN₂: mnist_relu_2_512_0.79.onnx
Prop: mnist_2_local_15.vnnlib
[runlim] sample:		2843.25 time, 3380.01 real, 2092 MB, 0.51 load
[runlim] sample:		2853.24 time, 3390.01 real, 2092 MB, 0.59 load
[runlim] sample:		2854.39 time, 3400.02 real, 2092 MB, 0.50 load
[runlim] sample:		2854.39 time, 3410.02 real, 2092 MB, 0.42 load

NN₁: mnist_relu_2_512.onnx
NN₂: mnist_relu_2_512_0.79.onnx
Prop: mnist_3_local_24.vnnlib
[runlim] sample:		2863.20 time, 3420.01 real, 2092 MB, 0.51 load
[runlim] sample:		2873.20 time, 3430.01 real, 2092 MB, 0.59 load
[runlim] sample:		2883.19 time, 3440.01 real, 2092 MB, 0.65 load
[runlim] sample:		2893.20 time, 3450.01 real, 2092 MB, 0.70 load
[runlim] sample:		2903.19 time, 3460.01 real, 2092 MB, 0.75 load
[runlim] sample:		2913.20 time, 3470.01 real, 2092 MB, 0.79 load
[runlim] sample:		2923.20 time, 3480.01 real, 2092 MB, 0.82 load
[runlim] sample:		2933.19 time, 3490.01 real, 2297 MB, 0.85 load
[runlim] sample:		2943.19 time, 3500.01 real, 2297 MB, 0.87 load
[runlim] sample:		2953.19 time, 3510.01 real, 2297 MB, 0.89 load
[runlim] sample:		2963.19 time, 3520.01 real, 2485 MB, 0.91 load
[runlim] sample:		2973.19 time, 3530.01 real, 2485 MB, 0.92 load
[runlim] sample:		2975.28 time, 3540.02 real, 2092 MB, 0.86 load
[runlim] sample:		2975.28 time, 3550.02 real, 2092 MB, 0.72 load

NN₁: mnist_relu_2_512.onnx
NN₂: mnist_relu_2_512_0.79.onnx
Prop: mnist_4_local_15.vnnlib
[runlim] sample:		2983.13 time, 3560.01 real, 2092 MB, 0.69 load
[runlim] sample:		2993.13 time, 3570.01 real, 2092 MB, 0.74 load
[runlim] sample:		3003.13 time, 3580.01 real, 2092 MB, 0.78 load
[runlim] sample:		3013.13 time, 3590.01 real, 2092 MB, 0.81 load
[runlim] sample:		3023.13 time, 3600.01 real, 2092 MB, 0.84 load
[runlim] sample:		3033.13 time, 3610.01 real, 2092 MB, 0.87 load
[runlim] sample:		3043.12 time, 3620.01 real, 2092 MB, 0.97 load
[runlim] sample:		3053.13 time, 3630.01 real, 2092 MB, 1.13 load
[runlim] sample:		3063.12 time, 3640.01 real, 2092 MB, 1.18 load
[runlim] sample:		3073.13 time, 3650.01 real, 2092 MB, 1.15 load
[runlim] sample:		3083.12 time, 3660.01 real, 2092 MB, 1.13 load
[runlim] sample:		3093.13 time, 3670.01 real, 2092 MB, 1.11 load
[runlim] sample:		3096.17 time, 3680.02 real, 2092 MB, 1.01 load
[runlim] sample:		3096.17 time, 3690.02 real, 2092 MB, 1.02 load

NN₁: mnist_relu_2_512.onnx
NN₂: mnist_relu_2_512_0.79.onnx
Prop: mnist_4_local_24.vnnlib
[runlim] sample:		3097.03 time, 3700.02 real, 2092 MB, 0.86 load
[runlim] sample:		3097.03 time, 3710.02 real, 2092 MB, 0.73 load

NN₁: mnist_relu_2_512.onnx
NN₂: mnist_relu_2_512_0.79.onnx
Prop: mnist_5_local_15.vnnlib
[runlim] sample:		3103.04 time, 3720.01 real, 2092 MB, 0.70 load
[runlim] sample:		3113.03 time, 3730.01 real, 2092 MB, 0.74 load
[runlim] sample:		3123.04 time, 3740.01 real, 2092 MB, 0.86 load
[runlim] sample:		3133.03 time, 3750.01 real, 2092 MB, 0.88 load
[runlim] sample:		3143.03 time, 3760.01 real, 2092 MB, 0.90 load
[runlim] sample:		3153.03 time, 3770.01 real, 2092 MB, 0.91 load
[runlim] sample:		3163.03 time, 3780.01 real, 2092 MB, 0.93 load
[runlim] sample:		3173.02 time, 3790.01 real, 2092 MB, 0.94 load
[runlim] sample:		3183.03 time, 3800.01 real, 2092 MB, 0.95 load
[runlim] sample:		3193.03 time, 3810.01 real, 2092 MB, 0.96 load
[runlim] sample:		3203.02 time, 3820.01 real, 2092 MB, 0.96 load
[runlim] sample:		3213.03 time, 3830.01 real, 2092 MB, 0.97 load
[runlim] sample:		3217.91 time, 3840.02 real, 2092 MB, 0.89 load
[runlim] sample:		3217.91 time, 3850.02 real, 2092 MB, 0.76 load

NN₁: mnist_relu_2_512.onnx
NN₂: mnist_relu_2_512_0.79.onnx
Prop: mnist_5_local_24.vnnlib
[runlim] sample:		3219.04 time, 3860.02 real, 2092 MB, 0.64 load
[runlim] sample:		3219.04 time, 3870.02 real, 2092 MB, 0.62 load

NN₁: mnist_relu_2_512.onnx
NN₂: mnist_relu_2_512_0.79.onnx
Prop: mnist_6_local_15.vnnlib
[runlim] sample:		3222.95 time, 3880.01 real, 2092 MB, 0.60 load
[runlim] sample:		3232.95 time, 3890.01 real, 2092 MB, 0.66 load
[runlim] sample:		3242.94 time, 3900.01 real, 2092 MB, 0.72 load
[runlim] sample:		3252.94 time, 3910.01 real, 2092 MB, 0.76 load
[runlim] sample:		3262.95 time, 3920.01 real, 2092 MB, 0.80 load
[runlim] sample:		3272.94 time, 3930.01 real, 2092 MB, 0.83 load
[runlim] sample:		3282.95 time, 3940.01 real, 2092 MB, 0.86 load
[runlim] sample:		3292.95 time, 3950.01 real, 2092 MB, 0.88 load
[runlim] sample:		3302.94 time, 3960.01 real, 2092 MB, 0.90 load
[runlim] sample:		3312.93 time, 3970.01 real, 2092 MB, 0.91 load
[runlim] sample:		3322.94 time, 3980.01 real, 2092 MB, 0.93 load
[runlim] sample:		3332.94 time, 3990.01 real, 2092 MB, 0.94 load
[runlim] sample:		3339.91 time, 4000.02 real, 2092 MB, 0.95 load
[runlim] sample:		3339.91 time, 4010.02 real, 2092 MB, 0.80 load

NN₁: mnist_relu_2_512.onnx
NN₂: mnist_relu_2_512_0.79.onnx
Prop: mnist_6_local_24.vnnlib
[runlim] sample:		3342.89 time, 4020.01 real, 2092 MB, 0.68 load
[runlim] sample:		3352.89 time, 4030.01 real, 2092 MB, 0.73 load
[runlim] sample:		3362.88 time, 4040.01 real, 2092 MB, 0.77 load
[runlim] sample:		3372.88 time, 4050.01 real, 2092 MB, 0.81 load
[runlim] sample:		3382.89 time, 4060.01 real, 2092 MB, 0.84 load
[runlim] sample:		3392.88 time, 4070.01 real, 2092 MB, 0.86 load
[runlim] sample:		3402.89 time, 4080.01 real, 2092 MB, 0.88 load
[runlim] sample:		3412.89 time, 4090.01 real, 2092 MB, 0.90 load
[runlim] sample:		3422.88 time, 4100.01 real, 2092 MB, 0.92 load
[runlim] sample:		3432.88 time, 4110.01 real, 2092 MB, 0.93 load
[runlim] sample:		3442.87 time, 4120.01 real, 2270 MB, 1.02 load
[runlim] sample:		3452.88 time, 4130.01 real, 2270 MB, 1.17 load
[runlim] sample:		3460.79 time, 4140.02 real, 2092 MB, 1.22 load
[runlim] sample:		3460.79 time, 4150.02 real, 2092 MB, 1.19 load

NN₁: mnist_relu_2_512.onnx
NN₂: mnist_relu_2_512_0.79.onnx
Prop: mnist_7_local_15.vnnlib
[runlim] sample:		3462.82 time, 4160.01 real, 2092 MB, 1.16 load
[runlim] sample:		3472.82 time, 4170.01 real, 2092 MB, 1.13 load
[runlim] sample:		3482.83 time, 4180.01 real, 2092 MB, 1.11 load
[runlim] sample:		3492.82 time, 4190.01 real, 2092 MB, 1.09 load
[runlim] sample:		3502.82 time, 4200.01 real, 2092 MB, 1.08 load
[runlim] sample:		3509.91 time, 4210.02 real, 2092 MB, 1.07 load
[runlim] sample:		3509.91 time, 4220.02 real, 2092 MB, 0.98 load

NN₁: mnist_relu_2_512.onnx
NN₂: mnist_relu_2_512_0.79.onnx
Prop: mnist_7_local_24.vnnlib
[runlim] sample:		3510.42 time, 4230.02 real, 2092 MB, 0.83 load
[runlim] sample:		3510.42 time, 4240.02 real, 2092 MB, 0.70 load

NN₁: mnist_relu_2_512.onnx
NN₂: mnist_relu_2_512_0.79.onnx
Prop: mnist_8_local_15.vnnlib
[runlim] sample:		3510.88 time, 4250.02 real, 2092 MB, 0.59 load
[runlim] sample:		3510.88 time, 4260.02 real, 2092 MB, 0.50 load

NN₁: mnist_relu_2_512.onnx
NN₂: mnist_relu_2_512_0.79.onnx
Prop: mnist_8_local_24.vnnlib
[runlim] sample:		3511.37 time, 4270.02 real, 2092 MB, 0.42 load
[runlim] sample:		3511.37 time, 4280.02 real, 2092 MB, 0.36 load

NN₁: mnist_relu_2_512.onnx
NN₂: mnist_relu_2_512_0.79.onnx
Prop: mnist_9_local_15.vnnlib
[runlim] sample:		3512.69 time, 4290.01 real, 2092 MB, 0.30 load
[runlim] sample:		3522.69 time, 4300.01 real, 2092 MB, 0.41 load
[runlim] sample:		3532.69 time, 4310.01 real, 2092 MB, 0.50 load
[runlim] sample:		3542.69 time, 4320.01 real, 2092 MB, 0.58 load
[runlim] sample:		3552.69 time, 4330.01 real, 2092 MB, 0.64 load
[runlim] sample:		3562.69 time, 4340.01 real, 2092 MB, 0.70 load
[runlim] sample:		3572.68 time, 4350.01 real, 2092 MB, 0.75 load
[runlim] sample:		3582.68 time, 4360.01 real, 2092 MB, 0.78 load
[runlim] sample:		3592.68 time, 4370.01 real, 2092 MB, 0.82 load
[runlim] sample:		3602.68 time, 4380.01 real, 2092 MB, 0.85 load
[runlim] sample:		3612.68 time, 4390.01 real, 2092 MB, 0.87 load
[runlim] sample:		3622.68 time, 4400.01 real, 2092 MB, 0.89 load
[runlim] sample:		3632.23 time, 4410.02 real, 2092 MB, 0.91 load
[runlim] sample:		3632.23 time, 4420.02 real, 2092 MB, 0.77 load

NN₁: mnist_relu_2_512.onnx
NN₂: mnist_relu_2_512_0.79.onnx
Prop: mnist_9_local_24.vnnlib
[runlim] sample:		3632.62 time, 4430.01 real, 2092 MB, 0.72 load
[runlim] sample:		3642.63 time, 4440.01 real, 2092 MB, 0.77 load
[runlim] sample:		3652.62 time, 4450.01 real, 2092 MB, 0.80 load
[runlim] sample:		3662.63 time, 4460.01 real, 2092 MB, 0.83 load
[runlim] sample:		3672.63 time, 4470.01 real, 2092 MB, 0.86 load
[runlim] sample:		3682.63 time, 4480.01 real, 2092 MB, 0.88 load
[runlim] sample:		3692.62 time, 4490.01 real, 2092 MB, 0.90 load
[runlim] sample:		3702.62 time, 4500.01 real, 2092 MB, 0.92 load
[runlim] sample:		3712.62 time, 4510.01 real, 2092 MB, 0.93 load
[runlim] sample:		3722.62 time, 4520.01 real, 2092 MB, 0.94 load
[runlim] sample:		3732.62 time, 4530.01 real, 2092 MB, 0.95 load
[runlim] sample:		3742.62 time, 4540.01 real, 2363 MB, 0.96 load
[runlim] sample:		3752.62 time, 4550.01 real, 2363 MB, 0.96 load
[runlim] sample:		3753.14 time, 4560.02 real, 2094 MB, 0.82 load
[runlim] sample:		3753.14 time, 4570.02 real, 2094 MB, 0.69 load

NN₁: mnist_relu_2_512.onnx
NN₂: mnist_relu_2_512_0.79.onnx
Prop: mnist_10_local_15.vnnlib
[runlim] sample:		3762.57 time, 4580.01 real, 2094 MB, 0.74 load
[runlim] sample:		3772.57 time, 4590.01 real, 2094 MB, 0.78 load
[runlim] sample:		3782.57 time, 4600.01 real, 2094 MB, 0.81 load
[runlim] sample:		3792.56 time, 4610.01 real, 2094 MB, 0.84 load
[runlim] sample:		3802.57 time, 4620.01 real, 2094 MB, 0.95 load
[runlim] sample:		3812.57 time, 4630.01 real, 2094 MB, 1.11 load
[runlim] sample:		3822.57 time, 4640.01 real, 2094 MB, 1.17 load
[runlim] sample:		3832.56 time, 4650.01 real, 2094 MB, 1.14 load
[runlim] sample:		3842.56 time, 4660.01 real, 2094 MB, 1.12 load
[runlim] sample:		3852.56 time, 4670.01 real, 2094 MB, 1.10 load
[runlim] sample:		3862.56 time, 4680.01 real, 2094 MB, 1.08 load
[runlim] sample:		3872.56 time, 4690.01 real, 2348 MB, 1.07 load
[runlim] sample:		3874.02 time, 4700.02 real, 2092 MB, 0.91 load
[runlim] sample:		3874.02 time, 4710.02 real, 2092 MB, 0.77 load

NN₁: mnist_relu_2_512.onnx
NN₂: mnist_relu_2_512_0.79.onnx
Prop: mnist_10_local_24.vnnlib
[runlim] sample:		3875.19 time, 4720.02 real, 2092 MB, 0.72 load
[runlim] sample:		3875.19 time, 4730.02 real, 2092 MB, 0.61 load

NN₁: mnist_relu_3_100.onnx
NN₂: mnist_relu_3_100_0.49.onnx
Prop: mnist_0_global_3.vnnlib
[runlim] sample:		3882.45 time, 4740.01 real, 2777 MB, 0.60 load
[runlim] sample:		3892.45 time, 4750.01 real, 5342 MB, 0.66 load
[runlim] sample:		3902.45 time, 4760.01 real, 8048 MB, 0.71 load
[runlim] sample:		3912.44 time, 4770.01 real, 8581 MB, 0.76 load
[runlim] sample:		3922.45 time, 4780.01 real, 11440 MB, 0.79 load
[runlim] sample:		3932.33 time, 4790.01 real, 11446 MB, 0.83 load
[runlim] sample:		3933.51 time, 4800.02 real, 1809 MB, 0.70 load
[runlim] sample:		3933.51 time, 4810.02 real, 1809 MB, 0.59 load

NN₁: mnist_relu_3_100.onnx
NN₂: mnist_relu_3_100_0.49.onnx
Prop: mnist_0_global_6.vnnlib
[runlim] sample:		3942.31 time, 4820.01 real, 3072 MB, 0.65 load
[runlim] sample:		3952.30 time, 4830.01 real, 5710 MB, 0.71 load
[runlim] sample:		3962.29 time, 4840.01 real, 8397 MB, 0.75 load
[runlim] sample:		3972.29 time, 4850.01 real, 11146 MB, 0.79 load
[runlim] sample:		3982.30 time, 4860.01 real, 13974 MB, 0.82 load
[runlim] end:			Wed Jan 28 14:23:21 2026
[runlim] status:		out of memory
[runlim] result:		3
[runlim] children:		3
[runlim] processes:		4
[runlim] real:			4865.69 seconds
[runlim] time:			3986.44 seconds
[runlim] space:			15015 MB
[runlim] load:			2.17 maximum
[runlim] samples:		48642
