[runlim] version:		2.0.0rc12
[runlim] host:			i57pool4
[runlim] time limit:		311040000 seconds
[runlim] real time limit:	311040000 seconds
[runlim] space limit:		15000 MB
[runlim] argv[0]:		julia
[runlim] argv[1]:		run_all_experiments.jl
[runlim] start:			Fri Jan 23 03:54:43 2026
[runlim] child:			16963
  Activating project at `~/VeryDiff`
Set parameter Username
Academic license - for non-commercial use only - expires 2026-12-23
[runlim] sample:		9.52 time, 10.01 real, 888 MB, 0.27 load

Running MNIST all...
[runlim] sample:		19.52 time, 20.01 real, 1223 MB, 0.39 load
Configuration: ZonoContract-ZU-Base

Warmup...

NN₁: mnist_relu_2_512.onnx
NN₁: mnist_relu_2_512_0.79.onnx
Prop: mnist_0_global_3.vnnlib
[runlim] sample:		29.51 time, 30.01 real, 1173 MB, 0.48 load
[runlim] sample:		39.50 time, 40.01 real, 1409 MB, 0.56 load
[runlim] sample:		49.50 time, 50.01 real, 1625 MB, 0.63 load
[runlim] sample:		59.50 time, 60.01 real, 2103 MB, 0.69 load
[runlim] sample:		69.49 time, 70.01 real, 2482 MB, 0.74 load
[runlim] sample:		79.50 time, 80.01 real, 2777 MB, 0.78 load
[runlim] sample:		89.49 time, 90.01 real, 3038 MB, 0.81 load
[runlim] sample:		99.49 time, 100.01 real, 3481 MB, 0.84 load
[runlim] sample:		109.48 time, 110.01 real, 3847 MB, 0.87 load
[runlim] sample:		119.48 time, 120.01 real, 4441 MB, 0.89 load
[runlim] sample:		129.48 time, 130.01 real, 4641 MB, 0.90 load
[runlim] sample:		139.48 time, 140.01 real, 4889 MB, 0.92 load
[runlim] sample:		149.48 time, 150.01 real, 5350 MB, 0.93 load

Warmup End
[runlim] sample:		152.07 time, 160.02 real, 1124 MB, 0.79 load

NN₁: mnist_relu_2_512.onnx
NN₁: mnist_relu_2_512_0.79.onnx
Prop: mnist_0_global_3.vnnlib
[runlim] sample:		159.44 time, 170.01 real, 1662 MB, 0.82 load
[runlim] sample:		169.44 time, 180.01 real, 2151 MB, 0.85 load
[runlim] sample:		179.44 time, 190.01 real, 2551 MB, 0.87 load
[runlim] sample:		189.44 time, 200.01 real, 2891 MB, 0.89 load
[runlim] sample:		199.44 time, 210.01 real, 3147 MB, 0.91 load
[runlim] sample:		209.44 time, 220.01 real, 3624 MB, 0.92 load
[runlim] sample:		219.43 time, 230.01 real, 4059 MB, 0.94 load
[runlim] sample:		229.43 time, 240.01 real, 4501 MB, 0.95 load
[runlim] sample:		239.43 time, 250.01 real, 5136 MB, 0.96 load
[runlim] sample:		249.42 time, 260.01 real, 5412 MB, 0.96 load
[runlim] sample:		259.43 time, 270.01 real, 5941 MB, 0.97 load
[runlim] sample:		269.42 time, 280.01 real, 6360 MB, 0.97 load
[runlim] sample:		273.51 time, 290.02 real, 1108 MB, 0.82 load

NN₁: mnist_relu_2_512.onnx
NN₁: mnist_relu_2_512_0.79.onnx
Prop: mnist_0_global_6.vnnlib
[runlim] sample:		279.38 time, 300.01 real, 1531 MB, 0.85 load
[runlim] sample:		289.37 time, 310.01 real, 1854 MB, 0.88 load
[runlim] sample:		299.37 time, 320.01 real, 2289 MB, 0.89 load
[runlim] sample:		309.37 time, 330.01 real, 2741 MB, 0.91 load
[runlim] sample:		319.36 time, 340.01 real, 3081 MB, 0.93 load
[runlim] sample:		329.36 time, 350.01 real, 3317 MB, 0.94 load
[runlim] sample:		339.36 time, 360.01 real, 3694 MB, 0.95 load
[runlim] sample:		349.36 time, 370.01 real, 4242 MB, 0.96 load
[runlim] sample:		359.36 time, 380.01 real, 4879 MB, 1.20 load
[runlim] sample:		369.36 time, 390.01 real, 4977 MB, 1.24 load
[runlim] sample:		379.36 time, 400.01 real, 5641 MB, 1.20 load
[runlim] sample:		389.35 time, 410.01 real, 5900 MB, 1.17 load
[runlim] sample:		394.69 time, 420.02 real, 1186 MB, 1.14 load

NN₁: mnist_relu_2_512.onnx
NN₁: mnist_relu_2_512_0.79.onnx
Prop: mnist_1_global_3.vnnlib
[runlim] sample:		399.31 time, 430.01 real, 1643 MB, 1.12 load
[runlim] sample:		409.31 time, 440.01 real, 2174 MB, 1.10 load
[runlim] sample:		419.31 time, 450.01 real, 2476 MB, 1.09 load
[runlim] sample:		429.30 time, 460.01 real, 3049 MB, 1.07 load
[runlim] sample:		439.31 time, 470.01 real, 3337 MB, 1.06 load
[runlim] sample:		449.30 time, 480.01 real, 3885 MB, 1.05 load
[runlim] sample:		459.30 time, 490.01 real, 4327 MB, 1.04 load
[runlim] sample:		469.30 time, 500.01 real, 4613 MB, 1.04 load
[runlim] sample:		479.30 time, 510.01 real, 5148 MB, 1.03 load
[runlim] sample:		489.29 time, 520.02 real, 5725 MB, 1.02 load
[runlim] sample:		499.29 time, 530.01 real, 6208 MB, 1.02 load
[runlim] sample:		509.29 time, 540.01 real, 6748 MB, 1.02 load
[runlim] sample:		515.95 time, 550.02 real, 1199 MB, 0.93 load

NN₁: mnist_relu_2_512.onnx
NN₁: mnist_relu_2_512_0.79.onnx
Prop: mnist_1_global_6.vnnlib
[runlim] sample:		519.25 time, 560.01 real, 1562 MB, 0.87 load
[runlim] sample:		529.25 time, 570.01 real, 1831 MB, 0.89 load
[runlim] sample:		539.25 time, 580.01 real, 2428 MB, 0.91 load
[runlim] sample:		549.25 time, 590.02 real, 2767 MB, 0.92 load
[runlim] sample:		559.25 time, 600.01 real, 3285 MB, 0.93 load
[runlim] sample:		569.25 time, 610.01 real, 3699 MB, 0.94 load
[runlim] sample:		579.25 time, 620.01 real, 3966 MB, 0.95 load
[runlim] sample:		589.25 time, 630.01 real, 4319 MB, 0.96 load
[runlim] sample:		599.25 time, 640.01 real, 4752 MB, 0.97 load
[runlim] sample:		609.25 time, 650.01 real, 5429 MB, 0.97 load
[runlim] sample:		619.25 time, 660.01 real, 5660 MB, 0.98 load
[runlim] sample:		629.25 time, 670.01 real, 6218 MB, 0.98 load
[runlim] sample:		637.23 time, 680.02 real, 1206 MB, 0.90 load

NN₁: mnist_relu_2_512.onnx
NN₁: mnist_relu_2_512_0.79.onnx
Prop: mnist_2_global_3.vnnlib
[runlim] sample:		639.21 time, 690.01 real, 1453 MB, 0.85 load
[runlim] sample:		649.21 time, 700.01 real, 1784 MB, 0.87 load
[runlim] sample:		659.21 time, 710.01 real, 2336 MB, 0.89 load
[runlim] sample:		669.21 time, 720.01 real, 2650 MB, 0.91 load
[runlim] sample:		679.21 time, 730.01 real, 2985 MB, 0.92 load
[runlim] sample:		689.21 time, 740.01 real, 3297 MB, 0.93 load
[runlim] sample:		699.20 time, 750.01 real, 3692 MB, 0.94 load
[runlim] sample:		709.21 time, 760.01 real, 4108 MB, 0.95 load
[runlim] sample:		719.21 time, 770.01 real, 4867 MB, 0.96 load
[runlim] sample:		729.20 time, 780.02 real, 4994 MB, 0.97 load
[runlim] sample:		739.20 time, 790.01 real, 5418 MB, 0.97 load
[runlim] sample:		749.20 time, 800.01 real, 5869 MB, 0.98 load
[runlim] sample:		758.47 time, 810.02 real, 1207 MB, 0.90 load

NN₁: mnist_relu_2_512.onnx
NN₁: mnist_relu_2_512_0.79.onnx
Prop: mnist_3_global_6.vnnlib
[runlim] sample:		759.15 time, 820.01 real, 1329 MB, 0.84 load
[runlim] sample:		769.15 time, 830.01 real, 1756 MB, 0.86 load
[runlim] sample:		779.15 time, 840.02 real, 2412 MB, 0.88 load
[runlim] sample:		789.14 time, 850.01 real, 2698 MB, 0.90 load
[runlim] sample:		799.14 time, 860.01 real, 3065 MB, 0.91 load
[runlim] sample:		809.14 time, 870.01 real, 3331 MB, 0.93 load
[runlim] sample:		819.13 time, 880.01 real, 3788 MB, 1.02 load
[runlim] sample:		829.13 time, 890.01 real, 4296 MB, 1.17 load
[runlim] sample:		839.14 time, 900.01 real, 4842 MB, 1.14 load
[runlim] sample:		849.13 time, 910.01 real, 5141 MB, 1.12 load
[runlim] sample:		859.13 time, 920.01 real, 5638 MB, 1.10 load
[runlim] sample:		869.12 time, 930.01 real, 6088 MB, 1.09 load
[runlim] sample:		879.12 time, 940.01 real, 6463 MB, 1.15 load
[runlim] sample:		879.69 time, 950.02 real, 1208 MB, 1.05 load

NN₁: mnist_relu_2_512.onnx
NN₁: mnist_relu_2_512_0.79.onnx
Prop: mnist_4_global_3.vnnlib
[runlim] sample:		889.08 time, 960.01 real, 1794 MB, 0.97 load
[runlim] sample:		899.09 time, 970.01 real, 2240 MB, 0.97 load
[runlim] sample:		909.09 time, 980.01 real, 2774 MB, 0.98 load
[runlim] sample:		919.09 time, 990.01 real, 3191 MB, 0.98 load
[runlim] sample:		929.08 time, 1000.01 real, 3363 MB, 1.35 load
[runlim] sample:		939.08 time, 1010.02 real, 3885 MB, 1.30 load
[runlim] sample:		949.09 time, 1020.02 real, 4436 MB, 1.33 load
[runlim] sample:		959.08 time, 1030.01 real, 4669 MB, 1.28 load
[runlim] sample:		969.08 time, 1040.01 real, 5141 MB, 1.45 load
[runlim] sample:		979.07 time, 1050.01 real, 5693 MB, 1.38 load
[runlim] sample:		989.07 time, 1060.01 real, 6103 MB, 1.32 load
[runlim] sample:		999.08 time, 1070.01 real, 6626 MB, 1.27 load
[runlim] sample:		1000.87 time, 1080.02 real, 1209 MB, 1.15 load

NN₁: mnist_relu_2_512.onnx
NN₁: mnist_relu_2_512_0.79.onnx
Prop: mnist_4_global_6.vnnlib
[runlim] sample:		1009.05 time, 1090.01 real, 1669 MB, 1.05 load
[runlim] sample:		1019.04 time, 1100.01 real, 1990 MB, 1.05 load
[runlim] sample:		1029.05 time, 1110.01 real, 2523 MB, 1.04 load
[runlim] sample:		1039.04 time, 1120.01 real, 2887 MB, 1.03 load
[runlim] sample:		1049.04 time, 1130.01 real, 3076 MB, 1.32 load
[runlim] sample:		1059.04 time, 1140.01 real, 3378 MB, 1.27 load
[runlim] sample:		1069.04 time, 1150.01 real, 3844 MB, 1.23 load
[runlim] sample:		1079.04 time, 1160.01 real, 4305 MB, 1.19 load
[runlim] sample:		1089.04 time, 1170.01 real, 4883 MB, 1.16 load
[runlim] sample:		1099.03 time, 1180.01 real, 5060 MB, 1.14 load
[runlim] sample:		1109.03 time, 1190.01 real, 5670 MB, 1.12 load
[runlim] sample:		1119.03 time, 1200.01 real, 5882 MB, 1.10 load
[runlim] sample:		1122.02 time, 1210.02 real, 1209 MB, 1.00 load

NN₁: mnist_relu_2_512.onnx
NN₁: mnist_relu_2_512_0.79.onnx
Prop: mnist_5_global_3.vnnlib
[runlim] sample:		1128.99 time, 1220.01 real, 1611 MB, 1.17 load
[runlim] sample:		1138.99 time, 1230.01 real, 2174 MB, 1.14 load
[runlim] sample:		1149.00 time, 1240.01 real, 2554 MB, 1.44 load
[runlim] sample:		1159.00 time, 1250.01 real, 2858 MB, 1.37 load
[runlim] sample:		1168.99 time, 1260.01 real, 3352 MB, 1.31 load
[runlim] sample:		1178.99 time, 1270.01 real, 3859 MB, 1.27 load
[runlim] sample:		1189.00 time, 1280.01 real, 4317 MB, 1.22 load
[runlim] sample:		1198.99 time, 1290.01 real, 4496 MB, 1.19 load
[runlim] sample:		1208.99 time, 1300.01 real, 4919 MB, 1.24 load
[runlim] sample:		1218.99 time, 1310.01 real, 5589 MB, 1.20 load
[runlim] sample:		1228.99 time, 1320.02 real, 5887 MB, 1.17 load
[runlim] sample:		1238.98 time, 1330.01 real, 6454 MB, 1.14 load
[runlim] sample:		1243.22 time, 1340.02 real, 1209 MB, 1.04 load

NN₁: mnist_relu_2_512.onnx
NN₁: mnist_relu_2_512_0.79.onnx
Prop: mnist_5_global_6.vnnlib
[runlim] sample:		1248.93 time, 1350.01 real, 1623 MB, 0.96 load
[runlim] sample:		1258.93 time, 1360.01 real, 1868 MB, 0.97 load
[runlim] sample:		1268.93 time, 1370.01 real, 2458 MB, 0.97 load
[runlim] sample:		1278.94 time, 1380.01 real, 2675 MB, 1.06 load
[runlim] sample:		1288.93 time, 1390.01 real, 2946 MB, 1.20 load
[runlim] sample:		1298.93 time, 1400.01 real, 3386 MB, 1.25 load
[runlim] sample:		1308.92 time, 1410.01 real, 3652 MB, 1.58 load
[runlim] sample:		1318.93 time, 1420.01 real, 4116 MB, 1.49 load
[runlim] sample:		1328.92 time, 1430.01 real, 4334 MB, 1.41 load
[runlim] sample:		1338.93 time, 1440.01 real, 4788 MB, 1.35 load
[runlim] sample:		1348.92 time, 1450.01 real, 5380 MB, 1.29 load
[runlim] sample:		1358.92 time, 1460.01 real, 5463 MB, 1.25 load
[runlim] sample:		1364.43 time, 1470.02 real, 1209 MB, 1.21 load

NN₁: mnist_relu_2_512.onnx
NN₁: mnist_relu_2_512_0.79.onnx
Prop: mnist_6_global_3.vnnlib
[runlim] sample:		1368.86 time, 1480.01 real, 1637 MB, 1.02 load
[runlim] sample:		1378.85 time, 1490.01 real, 2191 MB, 1.02 load
[runlim] sample:		1388.86 time, 1500.01 real, 2469 MB, 1.02 load
[runlim] sample:		1398.86 time, 1510.01 real, 2953 MB, 1.25 load
[runlim] sample:		1408.86 time, 1520.01 real, 3203 MB, 1.21 load
[runlim] sample:		1418.85 time, 1530.01 real, 3706 MB, 1.18 load
[runlim] sample:		1428.85 time, 1540.01 real, 4157 MB, 1.15 load
[runlim] sample:		1438.86 time, 1550.01 real, 4632 MB, 1.13 load
[runlim] sample:		1448.85 time, 1560.01 real, 4870 MB, 1.11 load
[runlim] sample:		1458.84 time, 1570.01 real, 5315 MB, 1.09 load
[runlim] sample:		1468.85 time, 1580.01 real, 5828 MB, 1.08 load
[runlim] sample:		1478.85 time, 1590.01 real, 6203 MB, 1.06 load
[runlim] sample:		1485.70 time, 1600.02 real, 1209 MB, 1.05 load

NN₁: mnist_relu_2_512.onnx
NN₁: mnist_relu_2_512_0.79.onnx
Prop: mnist_6_global_6.vnnlib
[runlim] sample:		1488.80 time, 1610.01 real, 1560 MB, 0.89 load
[runlim] sample:		1498.80 time, 1620.01 real, 1808 MB, 1.13 load
[runlim] sample:		1508.80 time, 1630.01 real, 2358 MB, 1.11 load
[runlim] sample:		1518.79 time, 1640.01 real, 2713 MB, 1.09 load
[runlim] sample:		1528.80 time, 1650.01 real, 3007 MB, 1.08 load
[runlim] sample:		1538.80 time, 1660.01 real, 3613 MB, 1.06 load
[runlim] sample:		1548.79 time, 1670.01 real, 3845 MB, 1.05 load
[runlim] sample:		1558.79 time, 1680.01 real, 4169 MB, 1.05 load
[runlim] sample:		1568.79 time, 1690.01 real, 4697 MB, 1.04 load
[runlim] sample:		1578.79 time, 1700.01 real, 5352 MB, 1.03 load
[runlim] sample:		1588.79 time, 1710.01 real, 5483 MB, 1.03 load
[runlim] sample:		1598.79 time, 1720.01 real, 6186 MB, 1.02 load
[runlim] sample:		1606.98 time, 1730.02 real, 1209 MB, 1.02 load

NN₁: mnist_relu_2_512.onnx
NN₁: mnist_relu_2_512_0.79.onnx
Prop: mnist_7_global_3.vnnlib
[runlim] sample:		1608.74 time, 1740.01 real, 1327 MB, 1.10 load
[runlim] sample:		1618.75 time, 1750.01 real, 1920 MB, 1.09 load
[runlim] sample:		1628.74 time, 1760.01 real, 2492 MB, 1.39 load
[runlim] sample:		1638.74 time, 1770.01 real, 2799 MB, 1.33 load
[runlim] sample:		1648.74 time, 1780.01 real, 3261 MB, 1.28 load
[runlim] sample:		1658.75 time, 1790.01 real, 3706 MB, 1.24 load
[runlim] sample:		1668.74 time, 1800.01 real, 4210 MB, 1.20 load
[runlim] sample:		1678.74 time, 1810.01 real, 4288 MB, 1.17 load
[runlim] sample:		1688.74 time, 1820.01 real, 4729 MB, 1.14 load
[runlim] sample:		1698.74 time, 1830.02 real, 5258 MB, 1.12 load
[runlim] sample:		1708.74 time, 1840.01 real, 5654 MB, 1.10 load
[runlim] sample:		1718.74 time, 1850.01 real, 6100 MB, 1.08 load
[runlim] sample:		1728.19 time, 1860.02 real, 1209 MB, 1.07 load

NN₁: mnist_relu_2_512.onnx
NN₁: mnist_relu_2_512_0.79.onnx
Prop: mnist_7_global_6.vnnlib
[runlim] sample:		1728.70 time, 1870.01 real, 1269 MB, 1.13 load
[runlim] sample:		1738.70 time, 1880.01 real, 1762 MB, 1.19 load
[runlim] sample:		1748.70 time, 1890.01 real, 2237 MB, 1.31 load
[runlim] sample:		1758.69 time, 1900.01 real, 2620 MB, 1.27 load
[runlim] sample:		1768.70 time, 1910.01 real, 2994 MB, 1.22 load
[runlim] sample:		1778.69 time, 1920.01 real, 3366 MB, 1.19 load
[runlim] sample:		1788.69 time, 1930.01 real, 3808 MB, 1.16 load
[runlim] sample:		1798.69 time, 1940.02 real, 4019 MB, 1.13 load
[runlim] sample:		1808.69 time, 1950.01 real, 4481 MB, 1.11 load
[runlim] sample:		1818.69 time, 1960.01 real, 5124 MB, 1.10 load
[runlim] sample:		1828.69 time, 1970.01 real, 5301 MB, 1.08 load
[runlim] sample:		1838.69 time, 1980.01 real, 5740 MB, 1.07 load
[runlim] sample:		1848.69 time, 1990.01 real, 6129 MB, 1.06 load
[runlim] sample:		1849.42 time, 2000.02 real, 1209 MB, 0.97 load

NN₁: mnist_relu_2_512.onnx
NN₁: mnist_relu_2_512_0.79.onnx
Prop: mnist_8_global_3.vnnlib
[runlim] sample:		1858.64 time, 2010.01 real, 1809 MB, 1.22 load
[runlim] sample:		1868.64 time, 2020.01 real, 2345 MB, 1.19 load
[runlim] sample:		1878.64 time, 2030.01 real, 2658 MB, 1.16 load
[runlim] sample:		1888.64 time, 2040.01 real, 3035 MB, 1.13 load
[runlim] sample:		1898.65 time, 2050.01 real, 3280 MB, 1.11 load
[runlim] sample:		1908.64 time, 2060.01 real, 3798 MB, 1.09 load
[runlim] sample:		1918.64 time, 2070.01 real, 4236 MB, 1.08 load
[runlim] sample:		1928.63 time, 2080.01 real, 4721 MB, 1.07 load
[runlim] sample:		1938.63 time, 2090.01 real, 5089 MB, 1.06 load
[runlim] sample:		1948.63 time, 2100.01 real, 5549 MB, 1.05 load
[runlim] sample:		1958.63 time, 2110.01 real, 6173 MB, 1.04 load
[runlim] sample:		1968.63 time, 2120.01 real, 6466 MB, 1.03 load
[runlim] sample:		1970.60 time, 2130.02 real, 1209 MB, 0.95 load

NN₁: mnist_relu_2_512.onnx
NN₁: mnist_relu_2_512_0.79.onnx
Prop: mnist_8_global_6.vnnlib
[runlim] sample:		1978.59 time, 2140.01 real, 1648 MB, 0.88 load
[runlim] sample:		1988.59 time, 2150.01 real, 2197 MB, 0.90 load
[runlim] sample:		1998.59 time, 2160.01 real, 2596 MB, 0.92 load
[runlim] sample:		2008.58 time, 2170.01 real, 2937 MB, 0.93 load
[runlim] sample:		2018.58 time, 2180.01 real, 3199 MB, 0.94 load
[runlim] sample:		2028.58 time, 2190.02 real, 3557 MB, 0.95 load
[runlim] sample:		2038.58 time, 2200.01 real, 4001 MB, 0.96 load
[runlim] sample:		2048.57 time, 2210.02 real, 4528 MB, 0.96 load
[runlim] sample:		2058.58 time, 2220.01 real, 4848 MB, 0.97 load
[runlim] sample:		2068.58 time, 2230.01 real, 5301 MB, 0.98 load
[runlim] sample:		2078.57 time, 2240.01 real, 5925 MB, 0.98 load
[runlim] sample:		2088.57 time, 2250.01 real, 6221 MB, 0.98 load
[runlim] sample:		2091.79 time, 2260.02 real, 1209 MB, 0.91 load

NN₁: mnist_relu_2_512.onnx
NN₁: mnist_relu_2_512_0.79.onnx
Prop: mnist_9_global_3.vnnlib
[runlim] sample:		2098.51 time, 2270.01 real, 1718 MB, 0.85 load
[runlim] sample:		2108.51 time, 2280.01 real, 2199 MB, 0.87 load
[runlim] sample:		2118.51 time, 2290.01 real, 2622 MB, 0.89 load
[runlim] sample:		2128.50 time, 2300.01 real, 3030 MB, 0.91 load
[runlim] sample:		2138.50 time, 2310.01 real, 3241 MB, 0.92 load
[runlim] sample:		2148.50 time, 2320.01 real, 3725 MB, 0.94 load
[runlim] sample:		2158.50 time, 2330.01 real, 4176 MB, 0.95 load
[runlim] sample:		2168.50 time, 2340.01 real, 4621 MB, 0.95 load
[runlim] sample:		2178.50 time, 2350.01 real, 4936 MB, 0.96 load
[runlim] sample:		2188.49 time, 2360.01 real, 5403 MB, 0.97 load
[runlim] sample:		2198.50 time, 2370.01 real, 5884 MB, 0.97 load
[runlim] sample:		2208.49 time, 2380.01 real, 6315 MB, 1.06 load
[runlim] sample:		2213.02 time, 2390.02 real, 1209 MB, 1.12 load

NN₁: mnist_relu_2_512.onnx
NN₁: mnist_relu_2_512_0.79.onnx
Prop: mnist_9_global_6.vnnlib
[runlim] sample:		2218.45 time, 2400.01 real, 1590 MB, 1.10 load
[runlim] sample:		2228.45 time, 2410.01 real, 1889 MB, 1.09 load
[runlim] sample:		2238.45 time, 2420.01 real, 2405 MB, 1.07 load
[runlim] sample:		2248.45 time, 2430.01 real, 2844 MB, 1.06 load
[runlim] sample:		2258.44 time, 2440.01 real, 3230 MB, 1.05 load
[runlim] sample:		2268.44 time, 2450.01 real, 3624 MB, 1.63 load
[runlim] sample:		2278.44 time, 2460.01 real, 4017 MB, 1.54 load
[runlim] sample:		2288.44 time, 2470.01 real, 4659 MB, 1.45 load
[runlim] sample:		2298.44 time, 2480.01 real, 4764 MB, 1.38 load
[runlim] sample:		2308.44 time, 2490.01 real, 5204 MB, 1.32 load
[runlim] sample:		2318.44 time, 2500.01 real, 5692 MB, 1.27 load
[runlim] sample:		2328.43 time, 2510.01 real, 6153 MB, 1.30 load
[runlim] sample:		2334.23 time, 2520.02 real, 1209 MB, 1.26 load

NN₁: mnist_relu_2_512.onnx
NN₁: mnist_relu_2_512_0.79.onnx
Prop: mnist_10_global_3.vnnlib
[runlim] sample:		2338.39 time, 2530.01 real, 1636 MB, 1.14 load
[runlim] sample:		2348.39 time, 2540.01 real, 2001 MB, 1.28 load
[runlim] sample:		2358.39 time, 2550.01 real, 2442 MB, 1.24 load
[runlim] sample:		2368.39 time, 2560.01 real, 2903 MB, 1.20 load
[runlim] sample:		2378.39 time, 2570.01 real, 3254 MB, 1.17 load
[runlim] sample:		2388.39 time, 2580.01 real, 3769 MB, 1.14 load
[runlim] sample:		2398.39 time, 2590.01 real, 4159 MB, 1.20 load
[runlim] sample:		2408.39 time, 2600.01 real, 4705 MB, 1.17 load
[runlim] sample:		2418.38 time, 2610.01 real, 4886 MB, 1.14 load
[runlim] sample:		2428.39 time, 2620.01 real, 5347 MB, 1.12 load
[runlim] sample:		2438.39 time, 2630.01 real, 5771 MB, 1.18 load
[runlim] sample:		2448.38 time, 2640.01 real, 6223 MB, 1.15 load
[runlim] sample:		2455.49 time, 2650.02 real, 1209 MB, 1.21 load

NN₁: mnist_relu_2_512.onnx
NN₁: mnist_relu_2_512_0.79.onnx
Prop: mnist_10_global_6.vnnlib
[runlim] sample:		2458.33 time, 2660.01 real, 1496 MB, 1.02 load
[runlim] sample:		2468.33 time, 2670.01 real, 1773 MB, 1.02 load
[runlim] sample:		2478.33 time, 2680.02 real, 2337 MB, 1.01 load
[runlim] sample:		2488.32 time, 2690.01 real, 2647 MB, 1.01 load
[runlim] sample:		2498.32 time, 2700.01 real, 3040 MB, 1.01 load
[runlim] sample:		2508.32 time, 2710.01 real, 3343 MB, 1.17 load
[runlim] sample:		2518.32 time, 2720.01 real, 3766 MB, 1.14 load
[runlim] sample:		2528.31 time, 2730.01 real, 4280 MB, 1.12 load
[runlim] sample:		2538.32 time, 2740.01 real, 4921 MB, 1.10 load
[runlim] sample:		2548.31 time, 2750.01 real, 5103 MB, 1.08 load
[runlim] sample:		2558.31 time, 2760.01 real, 5692 MB, 1.07 load
[runlim] sample:		2568.31 time, 2770.02 real, 5961 MB, 1.06 load
[runlim] sample:		2576.72 time, 2780.02 real, 1209 MB, 1.05 load

NN₁: mnist_relu_2_512.onnx
NN₁: mnist_relu_2_512_0.79.onnx
Prop: mnist_0_local_15.vnnlib
[runlim] sample:		2578.27 time, 2790.02 real, 1212 MB, 0.89 load
[runlim] sample:		2588.27 time, 2800.01 real, 1219 MB, 0.91 load
[runlim] sample:		2598.27 time, 2810.01 real, 1510 MB, 0.92 load
[runlim] sample:		2608.27 time, 2820.01 real, 1510 MB, 0.93 load
[runlim] sample:		2618.26 time, 2830.01 real, 1510 MB, 0.94 load
[runlim] sample:		2628.27 time, 2840.01 real, 1623 MB, 0.95 load
[runlim] sample:		2638.27 time, 2850.01 real, 1623 MB, 0.96 load
[runlim] sample:		2648.26 time, 2860.01 real, 1683 MB, 0.97 load
[runlim] sample:		2658.26 time, 2870.01 real, 1756 MB, 0.97 load
[runlim] sample:		2662.52 time, 2880.02 real, 1209 MB, 0.98 load

NN₁: mnist_relu_2_512.onnx
NN₁: mnist_relu_2_512_0.79.onnx
Prop: mnist_0_local_24.vnnlib
[runlim] sample:		2668.22 time, 2890.01 real, 1235 MB, 1.06 load
[runlim] sample:		2678.22 time, 2900.01 real, 1483 MB, 1.05 load
[runlim] sample:		2688.22 time, 2910.01 real, 1566 MB, 1.04 load
[runlim] sample:		2698.21 time, 2920.01 real, 1566 MB, 1.04 load
[runlim] sample:		2708.22 time, 2930.01 real, 1628 MB, 1.03 load
[runlim] sample:		2718.22 time, 2940.01 real, 1628 MB, 1.02 load
[runlim] sample:		2728.21 time, 2950.01 real, 1758 MB, 1.02 load
[runlim] sample:		2738.21 time, 2960.01 real, 1758 MB, 1.02 load
[runlim] sample:		2748.21 time, 2970.01 real, 1758 MB, 1.01 load
[runlim] sample:		2758.22 time, 2980.01 real, 1877 MB, 1.01 load
[runlim] sample:		2768.21 time, 2990.01 real, 1877 MB, 1.01 load
[runlim] sample:		2778.21 time, 3000.01 real, 1877 MB, 1.01 load
[runlim] sample:		2783.44 time, 3010.02 real, 1209 MB, 0.93 load

NN₁: mnist_relu_2_512.onnx
NN₁: mnist_relu_2_512_0.79.onnx
Prop: mnist_1_local_15.vnnlib
[runlim] sample:		2788.16 time, 3020.01 real, 1225 MB, 0.86 load
[runlim] sample:		2798.17 time, 3030.01 real, 1313 MB, 0.88 load
[runlim] sample:		2808.16 time, 3040.01 real, 1498 MB, 0.90 load
[runlim] sample:		2818.17 time, 3050.01 real, 1547 MB, 0.92 load
[runlim] sample:		2828.17 time, 3060.02 real, 1614 MB, 0.93 load
[runlim] sample:		2838.16 time, 3070.01 real, 1614 MB, 0.94 load
[runlim] sample:		2848.16 time, 3080.01 real, 1772 MB, 0.95 load
[runlim] sample:		2858.16 time, 3090.01 real, 1772 MB, 0.96 load
[runlim] sample:		2868.16 time, 3100.01 real, 1926 MB, 0.97 load
[runlim] sample:		2878.16 time, 3110.01 real, 1926 MB, 0.97 load
[runlim] sample:		2888.16 time, 3120.01 real, 1926 MB, 0.98 load
[runlim] sample:		2898.15 time, 3130.01 real, 1926 MB, 0.98 load
[runlim] sample:		2904.35 time, 3140.02 real, 1926 MB, 0.98 load

NN₁: mnist_relu_2_512.onnx
NN₁: mnist_relu_2_512_0.79.onnx
Prop: mnist_1_local_24.vnnlib
[runlim] sample:		2908.11 time, 3150.01 real, 1926 MB, 0.83 load
[runlim] sample:		2912.48 time, 3160.02 real, 1926 MB, 0.78 load

NN₁: mnist_relu_2_512.onnx
NN₁: mnist_relu_2_512_0.79.onnx
Prop: mnist_2_local_15.vnnlib
[runlim] sample:		2918.09 time, 3170.01 real, 1926 MB, 0.74 load
[runlim] sample:		2919.68 time, 3180.02 real, 1926 MB, 0.70 load

NN₁: mnist_relu_2_512.onnx
NN₁: mnist_relu_2_512_0.79.onnx
Prop: mnist_3_local_24.vnnlib
[runlim] sample:		2928.05 time, 3190.01 real, 1926 MB, 0.67 load
[runlim] sample:		2938.06 time, 3200.01 real, 1926 MB, 0.72 load
[runlim] sample:		2948.06 time, 3210.01 real, 1926 MB, 0.77 load
[runlim] sample:		2958.06 time, 3220.01 real, 1926 MB, 0.80 load
[runlim] sample:		2968.05 time, 3230.01 real, 1926 MB, 0.83 load
[runlim] sample:		2978.06 time, 3240.01 real, 1926 MB, 0.86 load
[runlim] sample:		2988.06 time, 3250.01 real, 1943 MB, 0.88 load
[runlim] sample:		2998.06 time, 3260.01 real, 1943 MB, 0.90 load
[runlim] sample:		3008.06 time, 3270.01 real, 1943 MB, 0.92 load
[runlim] sample:		3018.06 time, 3280.01 real, 2394 MB, 0.93 load
[runlim] sample:		3028.05 time, 3290.01 real, 2394 MB, 0.94 load
[runlim] sample:		3038.05 time, 3300.01 real, 2394 MB, 0.95 load
[runlim] sample:		3040.59 time, 3310.02 real, 1926 MB, 0.88 load

NN₁: mnist_relu_2_512.onnx
NN₁: mnist_relu_2_512_0.79.onnx
Prop: mnist_4_local_15.vnnlib
[runlim] sample:		3048.00 time, 3320.01 real, 1926 MB, 0.82 load
[runlim] sample:		3058.00 time, 3330.02 real, 1926 MB, 0.85 load
[runlim] sample:		3068.00 time, 3340.01 real, 1926 MB, 0.87 load
[runlim] sample:		3077.99 time, 3350.01 real, 1926 MB, 0.89 load
[runlim] sample:		3087.99 time, 3360.01 real, 1926 MB, 0.91 load
[runlim] sample:		3098.00 time, 3370.01 real, 1926 MB, 0.92 load
[runlim] sample:		3107.99 time, 3380.01 real, 1926 MB, 1.02 load
[runlim] sample:		3117.99 time, 3390.01 real, 1926 MB, 1.17 load
[runlim] sample:		3127.99 time, 3400.01 real, 1926 MB, 1.14 load
[runlim] sample:		3137.99 time, 3410.01 real, 1926 MB, 1.12 load
[runlim] sample:		3147.99 time, 3420.01 real, 1926 MB, 1.10 load
[runlim] sample:		3157.98 time, 3430.01 real, 1926 MB, 1.08 load
[runlim] sample:		3161.47 time, 3440.02 real, 1926 MB, 0.99 load

NN₁: mnist_relu_2_512.onnx
NN₁: mnist_relu_2_512_0.79.onnx
Prop: mnist_4_local_24.vnnlib
[runlim] sample:		3162.61 time, 3450.02 real, 1926 MB, 0.84 load

NN₁: mnist_relu_2_512.onnx
NN₁: mnist_relu_2_512_0.79.onnx
Prop: mnist_5_local_15.vnnlib
[runlim] sample:		3167.92 time, 3460.01 real, 1926 MB, 0.79 load
[runlim] sample:		3177.92 time, 3470.01 real, 1926 MB, 0.82 load
[runlim] sample:		3187.92 time, 3480.01 real, 1926 MB, 0.85 load
[runlim] sample:		3197.92 time, 3490.01 real, 1926 MB, 0.87 load
[runlim] sample:		3207.92 time, 3500.01 real, 1926 MB, 0.89 load
[runlim] sample:		3217.92 time, 3510.01 real, 1926 MB, 0.91 load
[runlim] sample:		3227.92 time, 3520.01 real, 1926 MB, 0.92 load
[runlim] sample:		3237.92 time, 3530.01 real, 1926 MB, 0.94 load
[runlim] sample:		3247.92 time, 3540.01 real, 1926 MB, 0.95 load
[runlim] sample:		3257.91 time, 3550.01 real, 1926 MB, 0.96 load
[runlim] sample:		3267.91 time, 3560.01 real, 1926 MB, 0.96 load
[runlim] sample:		3277.92 time, 3570.01 real, 1926 MB, 0.97 load
[runlim] sample:		3283.48 time, 3580.02 real, 1926 MB, 0.97 load

NN₁: mnist_relu_2_512.onnx
NN₁: mnist_relu_2_512_0.79.onnx
Prop: mnist_5_local_24.vnnlib
[runlim] sample:		3287.42 time, 3590.02 real, 1926 MB, 0.82 load

NN₁: mnist_relu_2_512.onnx
NN₁: mnist_relu_2_512_0.79.onnx
Prop: mnist_6_local_15.vnnlib
[runlim] sample:		3287.83 time, 3600.01 real, 1926 MB, 0.70 load
[runlim] sample:		3297.83 time, 3610.01 real, 1926 MB, 0.74 load
[runlim] sample:		3307.83 time, 3620.01 real, 1926 MB, 0.78 load
[runlim] sample:		3317.83 time, 3630.01 real, 1926 MB, 0.82 load
[runlim] sample:		3327.82 time, 3640.01 real, 1926 MB, 0.85 load
[runlim] sample:		3337.82 time, 3650.01 real, 1926 MB, 0.87 load
[runlim] sample:		3347.82 time, 3660.02 real, 1926 MB, 0.89 load
[runlim] sample:		3357.82 time, 3670.01 real, 1926 MB, 0.91 load
[runlim] sample:		3367.82 time, 3680.01 real, 1926 MB, 0.92 load
[runlim] sample:		3377.81 time, 3690.01 real, 1926 MB, 0.93 load
[runlim] sample:		3387.82 time, 3700.01 real, 1940 MB, 0.94 load
[runlim] sample:		3397.82 time, 3710.01 real, 1940 MB, 0.95 load
[runlim] sample:		3407.81 time, 3720.01 real, 1940 MB, 0.96 load
[runlim] sample:		3408.26 time, 3730.02 real, 1940 MB, 0.81 load

NN₁: mnist_relu_2_512.onnx
NN₁: mnist_relu_2_512_0.79.onnx
Prop: mnist_6_local_24.vnnlib
[runlim] sample:		3417.75 time, 3740.01 real, 1940 MB, 0.84 load
[runlim] sample:		3427.74 time, 3750.01 real, 1940 MB, 0.87 load
[runlim] sample:		3437.75 time, 3760.01 real, 1940 MB, 0.89 load
[runlim] sample:		3447.74 time, 3770.02 real, 1940 MB, 0.91 load
[runlim] sample:		3457.75 time, 3780.01 real, 1940 MB, 0.92 load
[runlim] sample:		3467.74 time, 3790.01 real, 1940 MB, 0.93 load
[runlim] sample:		3477.75 time, 3800.01 real, 1940 MB, 0.94 load
[runlim] sample:		3487.74 time, 3810.01 real, 1940 MB, 0.95 load
[runlim] sample:		3497.74 time, 3820.01 real, 1940 MB, 0.96 load
[runlim] sample:		3507.74 time, 3830.01 real, 1940 MB, 0.97 load
[runlim] sample:		3517.74 time, 3840.01 real, 1940 MB, 0.97 load
[runlim] sample:		3527.73 time, 3850.01 real, 1940 MB, 0.98 load
[runlim] sample:		3529.10 time, 3860.02 real, 1940 MB, 0.90 load

NN₁: mnist_relu_2_512.onnx
NN₁: mnist_relu_2_512_0.79.onnx
Prop: mnist_7_local_15.vnnlib
[runlim] sample:		3537.67 time, 3870.01 real, 1940 MB, 0.84 load
[runlim] sample:		3547.67 time, 3880.01 real, 1940 MB, 0.95 load
[runlim] sample:		3557.67 time, 3890.01 real, 1940 MB, 1.19 load
[runlim] sample:		3567.67 time, 3900.01 real, 1940 MB, 1.16 load
[runlim] sample:		3577.67 time, 3910.01 real, 1940 MB, 1.13 load
[runlim] sample:		3587.66 time, 3920.01 real, 1940 MB, 1.11 load
[runlim] sample:		3597.66 time, 3930.02 real, 1940 MB, 1.10 load
[runlim] sample:		3607.66 time, 3940.01 real, 1940 MB, 1.08 load
[runlim] sample:		3617.66 time, 3950.01 real, 1940 MB, 1.07 load
[runlim] sample:		3620.73 time, 3960.02 real, 1940 MB, 0.98 load

NN₁: mnist_relu_2_512.onnx
NN₁: mnist_relu_2_512_0.79.onnx
Prop: mnist_7_local_24.vnnlib
[runlim] sample:		3621.21 time, 3970.02 real, 1940 MB, 0.83 load

NN₁: mnist_relu_2_512.onnx
NN₁: mnist_relu_2_512_0.79.onnx
Prop: mnist_8_local_15.vnnlib
[runlim] sample:		3621.68 time, 3980.02 real, 1940 MB, 0.70 load

NN₁: mnist_relu_2_512.onnx
NN₁: mnist_relu_2_512_0.79.onnx
Prop: mnist_8_local_24.vnnlib
[runlim] sample:		3622.16 time, 3990.02 real, 1940 MB, 0.59 load

NN₁: mnist_relu_2_512.onnx
NN₁: mnist_relu_2_512_0.79.onnx
Prop: mnist_9_local_15.vnnlib
[runlim] sample:		3627.48 time, 4000.01 real, 1940 MB, 0.58 load
[runlim] sample:		3637.48 time, 4010.01 real, 1940 MB, 0.64 load
[runlim] sample:		3647.48 time, 4020.01 real, 1940 MB, 0.70 load
[runlim] sample:		3657.48 time, 4030.01 real, 1940 MB, 0.75 load
[runlim] sample:		3667.48 time, 4040.01 real, 1940 MB, 0.79 load
[runlim] sample:		3677.47 time, 4050.01 real, 1940 MB, 0.82 load
[runlim] sample:		3687.48 time, 4060.01 real, 1940 MB, 0.85 load
[runlim] sample:		3697.47 time, 4070.01 real, 1940 MB, 0.87 load
[runlim] sample:		3707.48 time, 4080.01 real, 1940 MB, 0.89 load
[runlim] sample:		3717.47 time, 4090.01 real, 1940 MB, 0.91 load
[runlim] sample:		3727.47 time, 4100.01 real, 1940 MB, 0.92 load
[runlim] sample:		3737.48 time, 4110.01 real, 1940 MB, 0.94 load
[runlim] sample:		3743.03 time, 4120.02 real, 1940 MB, 0.87 load

NN₁: mnist_relu_2_512.onnx
NN₁: mnist_relu_2_512_0.79.onnx
Prop: mnist_9_local_24.vnnlib
[runlim] sample:		3747.40 time, 4130.01 real, 1940 MB, 0.81 load
[runlim] sample:		3757.39 time, 4140.01 real, 1940 MB, 0.84 load
[runlim] sample:		3767.39 time, 4150.01 real, 1940 MB, 0.87 load
[runlim] sample:		3777.39 time, 4160.01 real, 1940 MB, 0.89 load
[runlim] sample:		3787.38 time, 4170.01 real, 1940 MB, 0.90 load
[runlim] sample:		3797.39 time, 4180.01 real, 1940 MB, 0.92 load
[runlim] sample:		3807.39 time, 4190.01 real, 1940 MB, 0.93 load
[runlim] sample:		3817.39 time, 4200.01 real, 1940 MB, 0.94 load
[runlim] sample:		3827.39 time, 4210.01 real, 1940 MB, 0.95 load
[runlim] sample:		3837.38 time, 4220.01 real, 1940 MB, 0.96 load
[runlim] sample:		3847.38 time, 4230.01 real, 2043 MB, 0.97 load
[runlim] sample:		3857.37 time, 4240.01 real, 2043 MB, 0.97 load
[runlim] sample:		3863.91 time, 4250.02 real, 1926 MB, 0.98 load

NN₁: mnist_relu_2_512.onnx
NN₁: mnist_relu_2_512_0.79.onnx
Prop: mnist_10_local_15.vnnlib
[runlim] sample:		3867.29 time, 4260.01 real, 1926 MB, 0.83 load
[runlim] sample:		3877.30 time, 4270.01 real, 1926 MB, 0.85 load
[runlim] sample:		3887.29 time, 4280.01 real, 1926 MB, 0.88 load
[runlim] sample:		3897.30 time, 4290.01 real, 1926 MB, 0.90 load
[runlim] sample:		3907.29 time, 4300.01 real, 1926 MB, 0.91 load
[runlim] sample:		3917.30 time, 4310.01 real, 1926 MB, 0.93 load
[runlim] sample:		3927.30 time, 4320.01 real, 1926 MB, 0.94 load
[runlim] sample:		3937.29 time, 4330.01 real, 1926 MB, 0.95 load
[runlim] sample:		3947.29 time, 4340.01 real, 1926 MB, 0.96 load
[runlim] sample:		3957.29 time, 4350.01 real, 1934 MB, 0.96 load
[runlim] sample:		3967.29 time, 4360.01 real, 1934 MB, 1.05 load
[runlim] sample:		3977.29 time, 4370.01 real, 1934 MB, 1.04 load
[runlim] sample:		3984.79 time, 4380.02 real, 1934 MB, 1.12 load

NN₁: mnist_relu_2_512.onnx
NN₁: mnist_relu_2_512_0.79.onnx
Prop: mnist_10_local_24.vnnlib
[runlim] sample:		3985.70 time, 4390.02 real, 1934 MB, 1.10 load

NN₁: mnist_relu_3_100.onnx
NN₁: mnist_relu_3_100_0.49.onnx
Prop: mnist_0_global_3.vnnlib
[runlim] sample:		3987.14 time, 4400.01 real, 1934 MB, 1.08 load
[runlim] sample:		3997.13 time, 4410.01 real, 2357 MB, 1.07 load
[runlim] sample:		4007.13 time, 4420.01 real, 3093 MB, 1.06 load
[runlim] sample:		4017.13 time, 4430.01 real, 4350 MB, 1.05 load
[runlim] sample:		4027.13 time, 4440.01 real, 5006 MB, 1.04 load
[runlim] sample:		4037.13 time, 4450.01 real, 5513 MB, 1.03 load
[runlim] sample:		4047.12 time, 4460.01 real, 5915 MB, 1.03 load
[runlim] sample:		4057.12 time, 4470.01 real, 6440 MB, 1.02 load
[runlim] sample:		4067.13 time, 4480.02 real, 7214 MB, 1.02 load
[runlim] sample:		4077.12 time, 4490.01 real, 7608 MB, 1.02 load
[runlim] sample:		4087.11 time, 4500.01 real, 7795 MB, 1.01 load
[runlim] sample:		4097.11 time, 4510.01 real, 7766 MB, 1.01 load
[runlim] sample:		4106.80 time, 4520.02 real, 1661 MB, 1.01 load

NN₁: mnist_relu_3_100.onnx
NN₁: mnist_relu_3_100_0.49.onnx
Prop: mnist_0_global_6.vnnlib
[runlim] sample:		4107.04 time, 4530.01 real, 1690 MB, 0.85 load
[runlim] sample:		4117.04 time, 4540.01 real, 3052 MB, 0.88 load
[runlim] sample:		4127.04 time, 4550.01 real, 4371 MB, 0.90 load
[runlim] sample:		4137.04 time, 4560.01 real, 4840 MB, 0.91 load
[runlim] sample:		4147.03 time, 4570.01 real, 6473 MB, 0.93 load
[runlim] sample:		4157.04 time, 4580.01 real, 8534 MB, 0.94 load
[runlim] sample:		4167.03 time, 4590.02 real, 10145 MB, 0.95 load
[runlim] sample:		4177.03 time, 4600.01 real, 9035 MB, 0.96 load
[runlim] sample:		4187.02 time, 4610.01 real, 11009 MB, 0.96 load
[runlim] sample:		4197.03 time, 4620.01 real, 13171 MB, 0.97 load
[runlim] sample:		4202.41 time, 4630.02 real, 13147 MB, 0.89 load

NN₁: mnist_relu_3_100.onnx
NN₁: mnist_relu_3_100_0.49.onnx
Prop: mnist_1_global_3.vnnlib
[runlim] sample:		4206.83 time, 4640.01 real, 13288 MB, 0.84 load
[runlim] sample:		4216.83 time, 4650.01 real, 13634 MB, 0.86 load
[runlim] sample:		4226.83 time, 4660.01 real, 13906 MB, 0.88 load
[runlim] sample:		4236.83 time, 4670.01 real, 6041 MB, 0.90 load
[runlim] sample:		4246.82 time, 4680.01 real, 8847 MB, 0.92 load
[runlim] sample:		4256.82 time, 4690.01 real, 11091 MB, 0.93 load
[runlim] sample:		4266.83 time, 4700.01 real, 13436 MB, 0.94 load
[runlim] sample:		4268.91 time, 4710.02 real, 13660 MB, 0.87 load

NN₁: mnist_relu_3_100.onnx
NN₁: mnist_relu_3_100_0.49.onnx
Prop: mnist_1_global_6.vnnlib
[runlim] sample:		4276.40 time, 4720.01 real, 14113 MB, 0.82 load
[runlim] sample:		4286.39 time, 4730.01 real, 14781 MB, 0.85 load
[runlim] end:			Fri Jan 23 05:13:38 2026
[runlim] status:		out of memory
[runlim] result:		3
[runlim] children:		1
[runlim] processes:		2
[runlim] real:			4734.91 seconds
[runlim] time:			4289.86 seconds
[runlim] space:			15018 MB
[runlim] load:			1.69 maximum
[runlim] samples:		47335
